# JRE version: OpenJDK Runtime Environment Temurin-21.0.10+7 (21.0.10+7) (build 21.0.10+7-LTS)
# Java VM: OpenJDK 64-Bit Server VM Temurin-21.0.10+7 (21.0.10+7-LTS, mixed mode, sharing, tiered, compressed oops, compressed class ptrs, parallel gc, windows-amd64)
GC Precious Log:
 CardTable entry size: 512
 CPUs: 12 total, 12 available
 Memory: 16072M
 Large Page Support: Disabled
 NUMA Support: Disabled
 Compressed Oops: Enabled (32-bit)
 Alignments: Space 512K, Generation 512K, Heap 2M
 Heap Min Capacity: 100M
 Heap Initial Capacity: 100M
 Heap Max Capacity: 2G
 Pre-touch: Disabled
 Parallel Workers: 10
Heap:
 PSYoungGen      total 8192K, used 8192K [0x00000000d5580000, 0x00000000d6600000, 0x0000000100000000)
  eden space 7680K, 100% used [0x00000000d5580000,0x00000000d5d00000,0x00000000d5d00000)
  from space 512K, 100% used [0x00000000d6500000,0x00000000d6580000,0x00000000d6580000)
  to   space 512K, 0% used [0x00000000d6580000,0x00000000d6580000,0x00000000d6600000)
 ParOldGen       total 1206784K, used 1206656K [0x0000000080000000, 0x00000000c9a80000, 0x00000000d5580000)
  object space 1206784K, 99% used [0x0000000080000000,0x00000000c9a601f8,0x00000000c9a80000)
 Metaspace       used 88254K, committed 90240K, reserved 1179648K
  class space    used 8797K, committed 9728K, reserved 1048576K
GC Heap History (20 events):
Event: 133.130 GC heap before
{Heap before GC invocations=1807 (full 5):
 PSYoungGen      total 12288K, used 12259K [0x00000000d5580000, 0x00000000d6e00000, 0x0000000100000000)
  eden space 7680K, 100% used [0x00000000d5580000,0x00000000d5d00000,0x00000000d5d00000)
  from space 4608K, 99% used [0x00000000d5f80000,0x00000000d63f8ee0,0x00000000d6400000)
  to   space 8704K, 0% used [0x00000000d6580000,0x00000000d6580000,0x00000000d6e00000)
 ParOldGen       total 1185792K, used 1185339K [0x0000000080000000, 0x00000000c8600000, 0x00000000d5580000)
  object space 1185792K, 99% used [0x0000000080000000,0x00000000c858ec48,0x00000000c8600000)
 Metaspace       used 88248K, committed 90240K, reserved 1179648K
  class space    used 8797K, committed 9728K, reserved 1048576K
}
Event: 133.132 GC heap after
{Heap after GC invocations=1807 (full 5):
 PSYoungGen      total 8704K, used 762K [0x00000000d5580000, 0x00000000d6680000, 0x0000000100000000)
  eden space 7680K, 0% used [0x00000000d5580000,0x00000000d5580000,0x00000000d5d00000)
  from space 1024K, 74% used [0x00000000d6580000,0x00000000d663e900,0x00000000d6680000)
  to   space 3584K, 0% used [0x00000000d5f80000,0x00000000d5f80000,0x00000000d6300000)
 ParOldGen       total 1185792K, used 1185443K [0x0000000080000000, 0x00000000c8600000, 0x00000000d5580000)
  object space 1185792K, 99% used [0x0000000080000000,0x00000000c85a8c48,0x00000000c8600000)
 Metaspace       used 88248K, committed 90240K, reserved 1179648K
  class space    used 8797K, committed 9728K, reserved 1048576K
}
Event: 133.631 GC heap before
{Heap before GC invocations=1808 (full 5):
 PSYoungGen      total 8704K, used 8442K [0x00000000d5580000, 0x00000000d6680000, 0x0000000100000000)
  eden space 7680K, 100% used [0x00000000d5580000,0x00000000d5d00000,0x00000000d5d00000)
  from space 1024K, 74% used [0x00000000d6580000,0x00000000d663e900,0x00000000d6680000)
  to   space 3584K, 0% used [0x00000000d5f80000,0x00000000d5f80000,0x00000000d6300000)
 ParOldGen       total 1185792K, used 1185443K [0x0000000080000000, 0x00000000c8600000, 0x00000000d5580000)
  object space 1185792K, 99% used [0x0000000080000000,0x00000000c85a8c48,0x00000000c8600000)
 Metaspace       used 88248K, committed 90240K, reserved 1179648K
  class space    used 8797K, committed 9728K, reserved 1048576K
}
Event: 133.634 GC heap after
{Heap after GC invocations=1808 (full 5):
 PSYoungGen      total 11264K, used 1092K [0x00000000d5580000, 0x00000000d6600000, 0x0000000100000000)
  eden space 7680K, 0% used [0x00000000d5580000,0x00000000d5580000,0x00000000d5d00000)
  from space 3584K, 30% used [0x00000000d5f80000,0x00000000d6091210,0x00000000d6300000)
  to   space 1536K, 0% used [0x00000000d6480000,0x00000000d6480000,0x00000000d6600000)
 ParOldGen       total 1186304K, used 1186003K [0x0000000080000000, 0x00000000c8680000, 0x00000000d5580000)
  object space 1186304K, 99% used [0x0000000080000000,0x00000000c8634e58,0x00000000c8680000)
 Metaspace       used 88248K, committed 90240K, reserved 1179648K
  class space    used 8797K, committed 9728K, reserved 1048576K
}
Event: 133.814 GC heap before
{Heap before GC invocations=1809 (full 5):
 PSYoungGen      total 11264K, used 8772K [0x00000000d5580000, 0x00000000d6600000, 0x0000000100000000)
  eden space 7680K, 100% used [0x00000000d5580000,0x00000000d5d00000,0x00000000d5d00000)
  from space 3584K, 30% used [0x00000000d5f80000,0x00000000d6091210,0x00000000d6300000)
  to   space 1536K, 0% used [0x00000000d6480000,0x00000000d6480000,0x00000000d6600000)
 ParOldGen       total 1186304K, used 1186003K [0x0000000080000000, 0x00000000c8680000, 0x00000000d5580000)
  object space 1186304K, 99% used [0x0000000080000000,0x00000000c8634e58,0x00000000c8680000)
 Metaspace       used 88250K, committed 90240K, reserved 1179648K
  class space    used 8797K, committed 9728K, reserved 1048576K
}
Event: 133.817 GC heap after
{Heap after GC invocations=1809 (full 5):
 PSYoungGen      total 9216K, used 1028K [0x00000000d5580000, 0x00000000d6600000, 0x0000000100000000)
  eden space 7680K, 0% used [0x00000000d5580000,0x00000000d5580000,0x00000000d5d00000)
  from space 1536K, 66% used [0x00000000d6480000,0x00000000d6581210,0x00000000d6600000)
  to   space 1536K, 0% used [0x00000000d6300000,0x00000000d6300000,0x00000000d6480000)
 ParOldGen       total 1187328K, used 1186941K [0x0000000080000000, 0x00000000c8780000, 0x00000000d5580000)
  object space 1187328K, 99% used [0x0000000080000000,0x00000000c871f5a0,0x00000000c8780000)
 Metaspace       used 88250K, committed 90240K, reserved 1179648K
  class space    used 8797K, committed 9728K, reserved 1048576K
}
Event: 133.930 GC heap before
{Heap before GC invocations=1810 (full 5):
 PSYoungGen      total 9216K, used 8708K [0x00000000d5580000, 0x00000000d6600000, 0x0000000100000000)
  eden space 7680K, 100% used [0x00000000d5580000,0x00000000d5d00000,0x00000000d5d00000)
  from space 1536K, 66% used [0x00000000d6480000,0x00000000d6581210,0x00000000d6600000)
  to   space 1536K, 0% used [0x00000000d6300000,0x00000000d6300000,0x00000000d6480000)
 ParOldGen       total 1187328K, used 1186941K [0x0000000080000000, 0x00000000c8780000, 0x00000000d5580000)
  object space 1187328K, 99% used [0x0000000080000000,0x00000000c871f5a0,0x00000000c8780000)
 Metaspace       used 88250K, committed 90240K, reserved 1179648K
  class space    used 8797K, committed 9728K, reserved 1048576K
}
Event: 133.935 GC heap after
{Heap after GC invocations=1810 (full 5):
 PSYoungGen      total 9216K, used 1140K [0x00000000d5580000, 0x00000000d6500000, 0x0000000100000000)
  eden space 7680K, 0% used [0x00000000d5580000,0x00000000d5580000,0x00000000d5d00000)
  from space 1536K, 74% used [0x00000000d6300000,0x00000000d641d200,0x00000000d6480000)
  to   space 512K, 0% used [0x00000000d6480000,0x00000000d6480000,0x00000000d6500000)
 ParOldGen       total 1188352K, used 1187905K [0x0000000080000000, 0x00000000c8880000, 0x00000000d5580000)
  object space 1188352K, 99% used [0x0000000080000000,0x00000000c8810458,0x00000000c8880000)
 Metaspace       used 88250K, committed 90240K, reserved 1179648K
  class space    used 8797K, committed 9728K, reserved 1048576K
}
Event: 134.125 GC heap before
{Heap before GC invocations=1811 (full 5):
 PSYoungGen      total 9216K, used 8820K [0x00000000d5580000, 0x00000000d6500000, 0x0000000100000000)
  eden space 7680K, 100% used [0x00000000d5580000,0x00000000d5d00000,0x00000000d5d00000)
  from space 1536K, 74% used [0x00000000d6300000,0x00000000d641d200,0x00000000d6480000)
  to   space 512K, 0% used [0x00000000d6480000,0x00000000d6480000,0x00000000d6500000)
 ParOldGen       total 1188352K, used 1187905K [0x0000000080000000, 0x00000000c8880000, 0x00000000d5580000)
  object space 1188352K, 99% used [0x0000000080000000,0x00000000c8810458,0x00000000c8880000)
 Metaspace       used 88254K, committed 90240K, reserved 1179648K
  class space    used 8797K, committed 9728K, reserved 1048576K
}
Event: 134.127 GC heap after
{Heap after GC invocations=1811 (full 5):
 PSYoungGen      total 8192K, used 512K [0x00000000d5580000, 0x00000000d6500000, 0x0000000100000000)
  eden space 7680K, 0% used [0x00000000d5580000,0x00000000d5580000,0x00000000d5d00000)
  from space 512K, 100% used [0x00000000d6480000,0x00000000d6500000,0x00000000d6500000)
  to   space 3072K, 0% used [0x00000000d5f00000,0x00000000d5f00000,0x00000000d6200000)
 ParOldGen       total 1190400K, used 1189932K [0x0000000080000000, 0x00000000c8a80000, 0x00000000d5580000)
  object space 1190400K, 99% used [0x0000000080000000,0x00000000c8a0b068,0x00000000c8a80000)
 Metaspace       used 88254K, committed 90240K, reserved 1179648K
  class space    used 8797K, committed 9728K, reserved 1048576K
}
Event: 134.134 GC heap before
{Heap before GC invocations=1812 (full 5):
 PSYoungGen      total 8192K, used 8192K [0x00000000d5580000, 0x00000000d6500000, 0x0000000100000000)
  eden space 7680K, 100% used [0x00000000d5580000,0x00000000d5d00000,0x00000000d5d00000)
  from space 512K, 100% used [0x00000000d6480000,0x00000000d6500000,0x00000000d6500000)
  to   space 3072K, 0% used [0x00000000d5f00000,0x00000000d5f00000,0x00000000d6200000)
 ParOldGen       total 1190400K, used 1189932K [0x0000000080000000, 0x00000000c8a80000, 0x00000000d5580000)
  object space 1190400K, 99% used [0x0000000080000000,0x00000000c8a0b068,0x00000000c8a80000)
 Metaspace       used 88254K, committed 90240K, reserved 1179648K
  class space    used 8797K, committed 9728K, reserved 1048576K
}
Event: 134.139 GC heap after
{Heap after GC invocations=1812 (full 5):
 PSYoungGen      total 10752K, used 3072K [0x00000000d5580000, 0x00000000d7000000, 0x0000000100000000)
  eden space 7680K, 0% used [0x00000000d5580000,0x00000000d5580000,0x00000000d5d00000)
  from space 3072K, 100% used [0x00000000d5f00000,0x00000000d6200000,0x00000000d6200000)
  to   space 9728K, 0% used [0x00000000d6680000,0x00000000d6680000,0x00000000d7000000)
 ParOldGen       total 1195520K, used 1195066K [0x0000000080000000, 0x00000000c8f80000, 0x00000000d5580000)
  object space 1195520K, 99% used [0x0000000080000000,0x00000000c8f0e808,0x00000000c8f80000)
 Metaspace       used 88254K, committed 90240K, reserved 1179648K
  class space    used 8797K, committed 9728K, reserved 1048576K
}
Event: 134.332 GC heap before
{Heap before GC invocations=1813 (full 5):
 PSYoungGen      total 10752K, used 10752K [0x00000000d5580000, 0x00000000d7000000, 0x0000000100000000)
  eden space 7680K, 100% used [0x00000000d5580000,0x00000000d5d00000,0x00000000d5d00000)
  from space 3072K, 100% used [0x00000000d5f00000,0x00000000d6200000,0x00000000d6200000)
  to   space 9728K, 0% used [0x00000000d6680000,0x00000000d6680000,0x00000000d7000000)
 ParOldGen       total 1195520K, used 1195066K [0x0000000080000000, 0x00000000c8f80000, 0x00000000d5580000)
  object space 1195520K, 99% used [0x0000000080000000,0x00000000c8f0e808,0x00000000c8f80000)
 Metaspace       used 88254K, committed 90240K, reserved 1179648K
  class space    used 8797K, committed 9728K, reserved 1048576K
}
Event: 134.336 GC heap after
{Heap after GC invocations=1813 (full 5):
 PSYoungGen      total 9728K, used 1556K [0x00000000d5580000, 0x00000000d6880000, 0x0000000100000000)
  eden space 7680K, 0% used [0x00000000d5580000,0x00000000d5580000,0x00000000d5d00000)
  from space 2048K, 76% used [0x00000000d6680000,0x00000000d6805200,0x00000000d6880000)
  to   space 4096K, 0% used [0x00000000d6080000,0x00000000d6080000,0x00000000d6480000)
 ParOldGen       total 1198592K, used 1198202K [0x0000000080000000, 0x00000000c9280000, 0x00000000d5580000)
  object space 1198592K, 99% used [0x0000000080000000,0x00000000c921e808,0x00000000c9280000)
 Metaspace       used 88254K, committed 90240K, reserved 1179648K
  class space    used 8797K, committed 9728K, reserved 1048576K
}
Event: 134.343 GC heap before
{Heap before GC invocations=1814 (full 5):
 PSYoungGen      total 9728K, used 9236K [0x00000000d5580000, 0x00000000d6880000, 0x0000000100000000)
  eden space 7680K, 99% used [0x00000000d5580000,0x00000000d5cffff8,0x00000000d5d00000)
  from space 2048K, 76% used [0x00000000d6680000,0x00000000d6805200,0x00000000d6880000)
  to   space 4096K, 0% used [0x00000000d6080000,0x00000000d6080000,0x00000000d6480000)
 ParOldGen       total 1198592K, used 1198202K [0x0000000080000000, 0x00000000c9280000, 0x00000000d5580000)
  object space 1198592K, 99% used [0x0000000080000000,0x00000000c921e808,0x00000000c9280000)
 Metaspace       used 88254K, committed 90240K, reserved 1179648K
  class space    used 8797K, committed 9728K, reserved 1048576K
}
Event: 134.345 GC heap after
{Heap after GC invocations=1814 (full 5):
 PSYoungGen      total 11776K, used 244K [0x00000000d5580000, 0x00000000d6700000, 0x0000000100000000)
  eden space 7680K, 0% used [0x00000000d5580000,0x00000000d5580000,0x00000000d5d00000)
  from space 4096K, 5% used [0x00000000d6080000,0x00000000d60bd200,0x00000000d6480000)
  to   space 1536K, 0% used [0x00000000d6580000,0x00000000d6580000,0x00000000d6700000)
 ParOldGen       total 1199616K, used 1199610K [0x0000000080000000, 0x00000000c9380000, 0x00000000d5580000)
  object space 1199616K, 99% used [0x0000000080000000,0x00000000c937ea18,0x00000000c9380000)
 Metaspace       used 88254K, committed 90240K, reserved 1179648K
  class space    used 8797K, committed 9728K, reserved 1048576K
}
Event: 135.228 GC heap before
{Heap before GC invocations=1815 (full 5):
 PSYoungGen      total 11776K, used 7924K [0x00000000d5580000, 0x00000000d6700000, 0x0000000100000000)
  eden space 7680K, 100% used [0x00000000d5580000,0x00000000d5d00000,0x00000000d5d00000)
  from space 4096K, 5% used [0x00000000d6080000,0x00000000d60bd200,0x00000000d6480000)
  to   space 1536K, 0% used [0x00000000d6580000,0x00000000d6580000,0x00000000d6700000)
 ParOldGen       total 1199616K, used 1199610K [0x0000000080000000, 0x00000000c9380000, 0x00000000d5580000)
  object space 1199616K, 99% used [0x0000000080000000,0x00000000c937ea18,0x00000000c9380000)
 Metaspace       used 88254K, committed 90240K, reserved 1179648K
  class space    used 8797K, committed 9728K, reserved 1048576K
}
Event: 135.230 GC heap after
{Heap after GC invocations=1815 (full 5):
 PSYoungGen      total 8192K, used 256K [0x00000000d5580000, 0x00000000d6600000, 0x0000000100000000)
  eden space 7680K, 0% used [0x00000000d5580000,0x00000000d5580000,0x00000000d5d00000)
  from space 512K, 50% used [0x00000000d6580000,0x00000000d65c0000,0x00000000d6600000)
  to   space 512K, 0% used [0x00000000d6500000,0x00000000d6500000,0x00000000d6580000)
 ParOldGen       total 1200128K, used 1199618K [0x0000000080000000, 0x00000000c9400000, 0x00000000d5580000)
  object space 1200128K, 99% used [0x0000000080000000,0x00000000c9380a18,0x00000000c9400000)
 Metaspace       used 88254K, committed 90240K, reserved 1179648K
  class space    used 8797K, committed 9728K, reserved 1048576K
}
Event: 135.237 GC heap before
{Heap before GC invocations=1816 (full 5):
 PSYoungGen      total 8192K, used 7936K [0x00000000d5580000, 0x00000000d6600000, 0x0000000100000000)
  eden space 7680K, 100% used [0x00000000d5580000,0x00000000d5d00000,0x00000000d5d00000)
  from space 512K, 50% used [0x00000000d6580000,0x00000000d65c0000,0x00000000d6600000)
  to   space 512K, 0% used [0x00000000d6500000,0x00000000d6500000,0x00000000d6580000)
 ParOldGen       total 1200128K, used 1199618K [0x0000000080000000, 0x00000000c9400000, 0x00000000d5580000)
  object space 1200128K, 99% used [0x0000000080000000,0x00000000c9380a18,0x00000000c9400000)
 Metaspace       used 88254K, committed 90240K, reserved 1179648K
  class space    used 8797K, committed 9728K, reserved 1048576K
}
Event: 136.383 GC heap after
{Heap after GC invocations=1816 (full 5):
 PSYoungGen      total 8192K, used 512K [0x00000000d5580000, 0x00000000d6600000, 0x0000000100000000)
  eden space 7680K, 0% used [0x00000000d5580000,0x00000000d5580000,0x00000000d5d00000)
  from space 512K, 100% used [0x00000000d6500000,0x00000000d6580000,0x00000000d6580000)
  to   space 512K, 0% used [0x00000000d6580000,0x00000000d6580000,0x00000000d6600000)
 ParOldGen       total 1206784K, used 1206656K [0x0000000080000000, 0x00000000c9a80000, 0x00000000d5580000)
  object space 1206784K, 99% used [0x0000000080000000,0x00000000c9a601f8,0x00000000c9a80000)
 Metaspace       used 88254K, committed 90240K, reserved 1179648K
  class space    used 8797K, committed 9728K, reserved 1048576K
}

