# JRE version: OpenJDK Runtime Environment Temurin-21.0.10+7 (21.0.10+7) (build 21.0.10+7-LTS)
# Java VM: OpenJDK 64-Bit Server VM Temurin-21.0.10+7 (21.0.10+7-LTS, mixed mode, sharing, tiered, compressed oops, compressed class ptrs, parallel gc, windows-amd64)
GC Precious Log:
 CardTable entry size: 512
 CPUs: 12 total, 12 available
 Memory: 16072M
 Large Page Support: Disabled
 NUMA Support: Disabled
 Compressed Oops: Enabled (32-bit)
 Alignments: Space 512K, Generation 512K, Heap 2M
 Heap Min Capacity: 100M
 Heap Initial Capacity: 100M
 Heap Max Capacity: 2G
 Pre-touch: Disabled
 Parallel Workers: 10
Heap:
 PSYoungGen      total 6656K, used 6260K [0x00000000d5580000, 0x00000000d5d80000, 0x0000000100000000)
  eden space 5632K, 100% used [0x00000000d5580000,0x00000000d5b00000,0x00000000d5b00000)
  from space 1024K, 61% used [0x00000000d5c00000,0x00000000d5c9d200,0x00000000d5d00000)
  to   space 1024K, 60% used [0x00000000d5b00000,0x00000000d5b9a910,0x00000000d5c00000)
 ParOldGen       total 1377792K, used 1377786K [0x0000000080000000, 0x00000000d4180000, 0x00000000d5580000)
  object space 1377792K, 99% used [0x0000000080000000,0x00000000d417ebb0,0x00000000d4180000)
 Metaspace       used 95202K, committed 97280K, reserved 1179648K
  class space    used 9715K, committed 10688K, reserved 1048576K
GC Heap History (20 events):
Event: 205.416 GC heap after
{Heap after GC invocations=2238 (full 5):
 PSYoungGen      total 4096K, used 640K [0x00000000d5580000, 0x00000000d5e00000, 0x0000000100000000)
  eden space 3072K, 0% used [0x00000000d5580000,0x00000000d5580000,0x00000000d5880000)
  from space 1024K, 62% used [0x00000000d5880000,0x00000000d5920000,0x00000000d5980000)
  to   space 1024K, 0% used [0x00000000d5d00000,0x00000000d5d00000,0x00000000d5e00000)
 ParOldGen       total 1370624K, used 1370306K [0x0000000080000000, 0x00000000d3a80000, 0x00000000d5580000)
  object space 1370624K, 99% used [0x0000000080000000,0x00000000d3a30b48,0x00000000d3a80000)
 Metaspace       used 95067K, committed 97216K, reserved 1179648K
  class space    used 9681K, committed 10688K, reserved 1048576K
}
Event: 205.987 GC heap before
{Heap before GC invocations=2239 (full 5):
 PSYoungGen      total 4096K, used 3711K [0x00000000d5580000, 0x00000000d5e00000, 0x0000000100000000)
  eden space 3072K, 99% used [0x00000000d5580000,0x00000000d587fff0,0x00000000d5880000)
  from space 1024K, 62% used [0x00000000d5880000,0x00000000d5920000,0x00000000d5980000)
  to   space 1024K, 0% used [0x00000000d5d00000,0x00000000d5d00000,0x00000000d5e00000)
 ParOldGen       total 1370624K, used 1370306K [0x0000000080000000, 0x00000000d3a80000, 0x00000000d5580000)
  object space 1370624K, 99% used [0x0000000080000000,0x00000000d3a30b48,0x00000000d3a80000)
 Metaspace       used 95069K, committed 97216K, reserved 1179648K
  class space    used 9681K, committed 10688K, reserved 1048576K
}
Event: 205.990 GC heap after
{Heap after GC invocations=2239 (full 5):
 PSYoungGen      total 4096K, used 724K [0x00000000d5580000, 0x00000000d5e00000, 0x0000000100000000)
  eden space 3072K, 0% used [0x00000000d5580000,0x00000000d5580000,0x00000000d5880000)
  from space 1024K, 70% used [0x00000000d5d00000,0x00000000d5db5200,0x00000000d5e00000)
  to   space 1024K, 0% used [0x00000000d5880000,0x00000000d5880000,0x00000000d5980000)
 ParOldGen       total 1371136K, used 1370822K [0x0000000080000000, 0x00000000d3b00000, 0x00000000d5580000)
  object space 1371136K, 99% used [0x0000000080000000,0x00000000d3ab1b58,0x00000000d3b00000)
 Metaspace       used 95069K, committed 97216K, reserved 1179648K
  class space    used 9681K, committed 10688K, reserved 1048576K
}
Event: 205.995 GC heap before
{Heap before GC invocations=2240 (full 5):
 PSYoungGen      total 4096K, used 3796K [0x00000000d5580000, 0x00000000d5e00000, 0x0000000100000000)
  eden space 3072K, 100% used [0x00000000d5580000,0x00000000d5880000,0x00000000d5880000)
  from space 1024K, 70% used [0x00000000d5d00000,0x00000000d5db5200,0x00000000d5e00000)
  to   space 1024K, 0% used [0x00000000d5880000,0x00000000d5880000,0x00000000d5980000)
 ParOldGen       total 1371136K, used 1370822K [0x0000000080000000, 0x00000000d3b00000, 0x00000000d5580000)
  object space 1371136K, 99% used [0x0000000080000000,0x00000000d3ab1b58,0x00000000d3b00000)
 Metaspace       used 95069K, committed 97216K, reserved 1179648K
  class space    used 9681K, committed 10688K, reserved 1048576K
}
Event: 205.997 GC heap after
{Heap after GC invocations=2240 (full 5):
 PSYoungGen      total 4096K, used 999K [0x00000000d5580000, 0x00000000d5d80000, 0x0000000100000000)
  eden space 3072K, 0% used [0x00000000d5580000,0x00000000d5580000,0x00000000d5880000)
  from space 1024K, 97% used [0x00000000d5880000,0x00000000d5979ed8,0x00000000d5980000)
  to   space 2048K, 0% used [0x00000000d5b80000,0x00000000d5b80000,0x00000000d5d80000)
 ParOldGen       total 1371648K, used 1371532K [0x0000000080000000, 0x00000000d3b80000, 0x00000000d5580000)
  object space 1371648K, 99% used [0x0000000080000000,0x00000000d3b63090,0x00000000d3b80000)
 Metaspace       used 95069K, committed 97216K, reserved 1179648K
  class space    used 9681K, committed 10688K, reserved 1048576K
}
Event: 205.999 GC heap before
{Heap before GC invocations=2241 (full 5):
 PSYoungGen      total 4096K, used 4071K [0x00000000d5580000, 0x00000000d5d80000, 0x0000000100000000)
  eden space 3072K, 99% used [0x00000000d5580000,0x00000000d587fff0,0x00000000d5880000)
  from space 1024K, 97% used [0x00000000d5880000,0x00000000d5979ed8,0x00000000d5980000)
  to   space 2048K, 0% used [0x00000000d5b80000,0x00000000d5b80000,0x00000000d5d80000)
 ParOldGen       total 1371648K, used 1371532K [0x0000000080000000, 0x00000000d3b80000, 0x00000000d5580000)
  object space 1371648K, 99% used [0x0000000080000000,0x00000000d3b63090,0x00000000d3b80000)
 Metaspace       used 95069K, committed 97216K, reserved 1179648K
  class space    used 9681K, committed 10688K, reserved 1048576K
}
Event: 206.002 GC heap after
{Heap after GC invocations=2241 (full 5):
 PSYoungGen      total 4608K, used 378K [0x00000000d5580000, 0x00000000d5c00000, 0x0000000100000000)
  eden space 4096K, 0% used [0x00000000d5580000,0x00000000d5580000,0x00000000d5980000)
  from space 512K, 73% used [0x00000000d5b80000,0x00000000d5bde900,0x00000000d5c00000)
  to   space 1024K, 0% used [0x00000000d5a00000,0x00000000d5a00000,0x00000000d5b00000)
 ParOldGen       total 1372672K, used 1372429K [0x0000000080000000, 0x00000000d3c80000, 0x00000000d5580000)
  object space 1372672K, 99% used [0x0000000080000000,0x00000000d3c43418,0x00000000d3c80000)
 Metaspace       used 95069K, committed 97216K, reserved 1179648K
  class space    used 9681K, committed 10688K, reserved 1048576K
}
Event: 206.004 GC heap before
{Heap before GC invocations=2242 (full 5):
 PSYoungGen      total 4608K, used 4474K [0x00000000d5580000, 0x00000000d5c00000, 0x0000000100000000)
  eden space 4096K, 99% used [0x00000000d5580000,0x00000000d597fff0,0x00000000d5980000)
  from space 512K, 73% used [0x00000000d5b80000,0x00000000d5bde900,0x00000000d5c00000)
  to   space 1024K, 0% used [0x00000000d5a00000,0x00000000d5a00000,0x00000000d5b00000)
 ParOldGen       total 1372672K, used 1372429K [0x0000000080000000, 0x00000000d3c80000, 0x00000000d5580000)
  object space 1372672K, 99% used [0x0000000080000000,0x00000000d3c43418,0x00000000d3c80000)
 Metaspace       used 95069K, committed 97216K, reserved 1179648K
  class space    used 9681K, committed 10688K, reserved 1048576K
}
Event: 206.007 GC heap after
{Heap after GC invocations=2242 (full 5):
 PSYoungGen      total 5632K, used 1024K [0x00000000d5580000, 0x00000000d5e80000, 0x0000000100000000)
  eden space 4608K, 0% used [0x00000000d5580000,0x00000000d5580000,0x00000000d5a00000)
  from space 1024K, 100% used [0x00000000d5a00000,0x00000000d5b00000,0x00000000d5b00000)
  to   space 2048K, 0% used [0x00000000d5c80000,0x00000000d5c80000,0x00000000d5e80000)
 ParOldGen       total 1373184K, used 1372958K [0x0000000080000000, 0x00000000d3d00000, 0x00000000d5580000)
  object space 1373184K, 99% used [0x0000000080000000,0x00000000d3cc7818,0x00000000d3d00000)
 Metaspace       used 95069K, committed 97216K, reserved 1179648K
  class space    used 9681K, committed 10688K, reserved 1048576K
}
Event: 206.010 GC heap before
{Heap before GC invocations=2243 (full 5):
 PSYoungGen      total 5632K, used 5610K [0x00000000d5580000, 0x00000000d5e80000, 0x0000000100000000)
  eden space 4608K, 99% used [0x00000000d5580000,0x00000000d59fabe0,0x00000000d5a00000)
  from space 1024K, 100% used [0x00000000d5a00000,0x00000000d5b00000,0x00000000d5b00000)
  to   space 2048K, 0% used [0x00000000d5c80000,0x00000000d5c80000,0x00000000d5e80000)
 ParOldGen       total 1373184K, used 1372958K [0x0000000080000000, 0x00000000d3d00000, 0x00000000d5580000)
  object space 1373184K, 99% used [0x0000000080000000,0x00000000d3cc7818,0x00000000d3d00000)
 Metaspace       used 95069K, committed 97216K, reserved 1179648K
  class space    used 9681K, committed 10688K, reserved 1048576K
}
Event: 206.013 GC heap after
{Heap after GC invocations=2243 (full 5):
 PSYoungGen      total 5632K, used 2042K [0x00000000d5580000, 0x00000000d6200000, 0x0000000100000000)
  eden space 3584K, 0% used [0x00000000d5580000,0x00000000d5580000,0x00000000d5900000)
  from space 2048K, 99% used [0x00000000d5c80000,0x00000000d5e7e900,0x00000000d5e80000)
  to   space 3584K, 0% used [0x00000000d5900000,0x00000000d5900000,0x00000000d5c80000)
 ParOldGen       total 1374208K, used 1374006K [0x0000000080000000, 0x00000000d3e00000, 0x00000000d5580000)
  object space 1374208K, 99% used [0x0000000080000000,0x00000000d3dcd818,0x00000000d3e00000)
 Metaspace       used 95069K, committed 97216K, reserved 1179648K
  class space    used 9681K, committed 10688K, reserved 1048576K
}
Event: 206.017 GC heap before
{Heap before GC invocations=2244 (full 5):
 PSYoungGen      total 5632K, used 5626K [0x00000000d5580000, 0x00000000d6200000, 0x0000000100000000)
  eden space 3584K, 100% used [0x00000000d5580000,0x00000000d5900000,0x00000000d5900000)
  from space 2048K, 99% used [0x00000000d5c80000,0x00000000d5e7e900,0x00000000d5e80000)
  to   space 3584K, 0% used [0x00000000d5900000,0x00000000d5900000,0x00000000d5c80000)
 ParOldGen       total 1374208K, used 1374006K [0x0000000080000000, 0x00000000d3e00000, 0x00000000d5580000)
  object space 1374208K, 99% used [0x0000000080000000,0x00000000d3dcd818,0x00000000d3e00000)
 Metaspace       used 95069K, committed 97216K, reserved 1179648K
  class space    used 9681K, committed 10688K, reserved 1048576K
}
Event: 206.020 GC heap after
{Heap after GC invocations=2244 (full 5):
 PSYoungGen      total 5120K, used 1279K [0x00000000d5580000, 0x00000000d5e00000, 0x0000000100000000)
  eden space 3584K, 0% used [0x00000000d5580000,0x00000000d5580000,0x00000000d5900000)
  from space 1536K, 83% used [0x00000000d5900000,0x00000000d5a3ff60,0x00000000d5a80000)
  to   space 2048K, 0% used [0x00000000d5c00000,0x00000000d5c00000,0x00000000d5e00000)
 ParOldGen       total 1376256K, used 1375982K [0x0000000080000000, 0x00000000d4000000, 0x00000000d5580000)
  object space 1376256K, 99% used [0x0000000080000000,0x00000000d3fbb818,0x00000000d4000000)
 Metaspace       used 95069K, committed 97216K, reserved 1179648K
  class space    used 9681K, committed 10688K, reserved 1048576K
}
Event: 206.023 GC heap before
{Heap before GC invocations=2245 (full 5):
 PSYoungGen      total 5120K, used 4863K [0x00000000d5580000, 0x00000000d5e00000, 0x0000000100000000)
  eden space 3584K, 100% used [0x00000000d5580000,0x00000000d5900000,0x00000000d5900000)
  from space 1536K, 83% used [0x00000000d5900000,0x00000000d5a3ff60,0x00000000d5a80000)
  to   space 2048K, 0% used [0x00000000d5c00000,0x00000000d5c00000,0x00000000d5e00000)
 ParOldGen       total 1376256K, used 1375982K [0x0000000080000000, 0x00000000d4000000, 0x00000000d5580000)
  object space 1376256K, 99% used [0x0000000080000000,0x00000000d3fbb818,0x00000000d4000000)
 Metaspace       used 95069K, committed 97216K, reserved 1179648K
  class space    used 9681K, committed 10688K, reserved 1048576K
}
Event: 206.025 GC heap after
{Heap after GC invocations=2245 (full 5):
 PSYoungGen      total 5120K, used 0K [0x00000000d5580000, 0x00000000d5c80000, 0x0000000100000000)
  eden space 4608K, 0% used [0x00000000d5580000,0x00000000d5580000,0x00000000d5a00000)
  from space 512K, 0% used [0x00000000d5c00000,0x00000000d5c00000,0x00000000d5c80000)
  to   space 1024K, 0% used [0x00000000d5a80000,0x00000000d5a80000,0x00000000d5b80000)
 ParOldGen       total 1377280K, used 1377197K [0x0000000080000000, 0x00000000d4100000, 0x00000000d5580000)
  object space 1377280K, 99% used [0x0000000080000000,0x00000000d40eb778,0x00000000d4100000)
 Metaspace       used 95069K, committed 97216K, reserved 1179648K
  class space    used 9681K, committed 10688K, reserved 1048576K
}
Event: 206.061 GC heap before
{Heap before GC invocations=2246 (full 5):
 PSYoungGen      total 5120K, used 4608K [0x00000000d5580000, 0x00000000d5c80000, 0x0000000100000000)
  eden space 4608K, 100% used [0x00000000d5580000,0x00000000d5a00000,0x00000000d5a00000)
  from space 512K, 0% used [0x00000000d5c00000,0x00000000d5c00000,0x00000000d5c80000)
  to   space 1024K, 0% used [0x00000000d5a80000,0x00000000d5a80000,0x00000000d5b80000)
 ParOldGen       total 1377280K, used 1377197K [0x0000000080000000, 0x00000000d4100000, 0x00000000d5580000)
  object space 1377280K, 99% used [0x0000000080000000,0x00000000d40eb778,0x00000000d4100000)
 Metaspace       used 95167K, committed 97280K, reserved 1179648K
  class space    used 9710K, committed 10688K, reserved 1048576K
}
Event: 206.063 GC heap after
{Heap after GC invocations=2246 (full 5):
 PSYoungGen      total 6144K, used 772K [0x00000000d5580000, 0x00000000d5d00000, 0x0000000100000000)
  eden space 5120K, 0% used [0x00000000d5580000,0x00000000d5580000,0x00000000d5a80000)
  from space 1024K, 75% used [0x00000000d5a80000,0x00000000d5b41210,0x00000000d5b80000)
  to   space 1024K, 0% used [0x00000000d5c00000,0x00000000d5c00000,0x00000000d5d00000)
 ParOldGen       total 1377280K, used 1377197K [0x0000000080000000, 0x00000000d4100000, 0x00000000d5580000)
  object space 1377280K, 99% used [0x0000000080000000,0x00000000d40eb778,0x00000000d4100000)
 Metaspace       used 95167K, committed 97280K, reserved 1179648K
  class space    used 9710K, committed 10688K, reserved 1048576K
}
Event: 206.084 GC heap before
{Heap before GC invocations=2247 (full 5):
 PSYoungGen      total 6144K, used 5814K [0x00000000d5580000, 0x00000000d5d00000, 0x0000000100000000)
  eden space 5120K, 98% used [0x00000000d5580000,0x00000000d5a6c6a0,0x00000000d5a80000)
  from space 1024K, 75% used [0x00000000d5a80000,0x00000000d5b41210,0x00000000d5b80000)
  to   space 1024K, 0% used [0x00000000d5c00000,0x00000000d5c00000,0x00000000d5d00000)
 ParOldGen       total 1377280K, used 1377197K [0x0000000080000000, 0x00000000d4100000, 0x00000000d5580000)
  object space 1377280K, 99% used [0x0000000080000000,0x00000000d40eb778,0x00000000d4100000)
 Metaspace       used 95202K, committed 97280K, reserved 1179648K
  class space    used 9715K, committed 10688K, reserved 1048576K
}
Event: 206.086 GC heap after
{Heap after GC invocations=2247 (full 5):
 PSYoungGen      total 6656K, used 628K [0x00000000d5580000, 0x00000000d5d80000, 0x0000000100000000)
  eden space 5632K, 0% used [0x00000000d5580000,0x00000000d5580000,0x00000000d5b00000)
  from space 1024K, 61% used [0x00000000d5c00000,0x00000000d5c9d200,0x00000000d5d00000)
  to   space 1024K, 0% used [0x00000000d5b00000,0x00000000d5b00000,0x00000000d5c00000)
 ParOldGen       total 1377792K, used 1377722K [0x0000000080000000, 0x00000000d4180000, 0x00000000d5580000)
  object space 1377792K, 99% used [0x0000000080000000,0x00000000d416ebb0,0x00000000d4180000)
 Metaspace       used 95202K, committed 97280K, reserved 1179648K
  class space    used 9715K, committed 10688K, reserved 1048576K
}
Event: 206.420 GC heap before
{Heap before GC invocations=2248 (full 5):
 PSYoungGen      total 6656K, used 6260K [0x00000000d5580000, 0x00000000d5d80000, 0x0000000100000000)
  eden space 5632K, 100% used [0x00000000d5580000,0x00000000d5b00000,0x00000000d5b00000)
  from space 1024K, 61% used [0x00000000d5c00000,0x00000000d5c9d200,0x00000000d5d00000)
  to   space 1024K, 0% used [0x00000000d5b00000,0x00000000d5b00000,0x00000000d5c00000)
 ParOldGen       total 1377792K, used 1377722K [0x0000000080000000, 0x00000000d4180000, 0x00000000d5580000)
  object space 1377792K, 99% used [0x0000000080000000,0x00000000d416ebb0,0x00000000d4180000)
 Metaspace       used 95202K, committed 97280K, reserved 1179648K
  class space    used 9715K, committed 10688K, reserved 1048576K
}

