# JRE version: OpenJDK Runtime Environment Temurin-21.0.10+7 (21.0.10+7) (build 21.0.10+7-LTS)
# Java VM: OpenJDK 64-Bit Server VM Temurin-21.0.10+7 (21.0.10+7-LTS, mixed mode, sharing, tiered, compressed oops, compressed class ptrs, parallel gc, windows-amd64)
GC Precious Log:
 CardTable entry size: 512
 CPUs: 12 total, 12 available
 Memory: 16072M
 Large Page Support: Disabled
 NUMA Support: Disabled
 Compressed Oops: Enabled (32-bit)
 Alignments: Space 512K, Generation 512K, Heap 2M
 Heap Min Capacity: 100M
 Heap Initial Capacity: 100M
 Heap Max Capacity: 2G
 Pre-touch: Disabled
 Parallel Workers: 10
Heap:
 PSYoungGen      total 8704K, used 8702K [0x00000000d5580000, 0x00000000d5f00000, 0x0000000100000000)
  eden space 7680K, 99% used [0x00000000d5580000,0x00000000d5cffff0,0x00000000d5d00000)
  from space 1024K, 99% used [0x00000000d5d00000,0x00000000d5dffbf0,0x00000000d5e00000)
  to   space 1024K, 0% used [0x00000000d5e00000,0x00000000d5e00000,0x00000000d5f00000)
 ParOldGen       total 1395200K, used 1394729K [0x0000000080000000, 0x00000000d5280000, 0x00000000d5580000)
  object space 1395200K, 99% used [0x0000000080000000,0x00000000d520a650,0x00000000d5280000)
 Metaspace       used 108925K, committed 111168K, reserved 1179648K
  class space    used 10899K, committed 11968K, reserved 1048576K
GC Heap History (20 events):
Event: 2513.333 GC heap before
{Heap before GC invocations=8496 (full 10):
 PSYoungGen      total 5632K, used 5284K [0x00000000d5580000, 0x00000000d5d00000, 0x0000000100000000)
  eden space 4608K, 100% used [0x00000000d5580000,0x00000000d5a00000,0x00000000d5a00000)
  from space 1024K, 66% used [0x00000000d5a00000,0x00000000d5aa9210,0x00000000d5b00000)
  to   space 1024K, 0% used [0x00000000d5c00000,0x00000000d5c00000,0x00000000d5d00000)
 ParOldGen       total 1378304K, used 1378057K [0x0000000080000000, 0x00000000d4200000, 0x00000000d5580000)
  object space 1378304K, 99% used [0x0000000080000000,0x00000000d41c2550,0x00000000d4200000)
 Metaspace       used 108919K, committed 111168K, reserved 1179648K
  class space    used 10899K, committed 11968K, reserved 1048576K
}
Event: 2513.334 GC heap after
{Heap after GC invocations=8496 (full 10):
 PSYoungGen      total 6656K, used 864K [0x00000000d5580000, 0x00000000d5d00000, 0x0000000100000000)
  eden space 5632K, 0% used [0x00000000d5580000,0x00000000d5580000,0x00000000d5b00000)
  from space 1024K, 84% used [0x00000000d5c00000,0x00000000d5cd8000,0x00000000d5d00000)
  to   space 1024K, 0% used [0x00000000d5b00000,0x00000000d5b00000,0x00000000d5c00000)
 ParOldGen       total 1378816K, used 1378635K [0x0000000080000000, 0x00000000d4280000, 0x00000000d5580000)
  object space 1378816K, 99% used [0x0000000080000000,0x00000000d4252dc0,0x00000000d4280000)
 Metaspace       used 108919K, committed 111168K, reserved 1179648K
  class space    used 10899K, committed 11968K, reserved 1048576K
}
Event: 2513.511 GC heap before
{Heap before GC invocations=8497 (full 10):
 PSYoungGen      total 6656K, used 6496K [0x00000000d5580000, 0x00000000d5d00000, 0x0000000100000000)
  eden space 5632K, 100% used [0x00000000d5580000,0x00000000d5b00000,0x00000000d5b00000)
  from space 1024K, 84% used [0x00000000d5c00000,0x00000000d5cd8000,0x00000000d5d00000)
  to   space 1024K, 0% used [0x00000000d5b00000,0x00000000d5b00000,0x00000000d5c00000)
 ParOldGen       total 1378816K, used 1378635K [0x0000000080000000, 0x00000000d4280000, 0x00000000d5580000)
  object space 1378816K, 99% used [0x0000000080000000,0x00000000d4252dc0,0x00000000d4280000)
 Metaspace       used 108919K, committed 111168K, reserved 1179648K
  class space    used 10899K, committed 11968K, reserved 1048576K
}
Event: 2513.514 GC heap after
{Heap after GC invocations=8497 (full 10):
 PSYoungGen      total 6656K, used 1022K [0x00000000d5580000, 0x00000000d6500000, 0x0000000100000000)
  eden space 5632K, 0% used [0x00000000d5580000,0x00000000d5580000,0x00000000d5b00000)
  from space 1024K, 99% used [0x00000000d5b00000,0x00000000d5bffbf0,0x00000000d5c00000)
  to   space 5120K, 0% used [0x00000000d6000000,0x00000000d6000000,0x00000000d6500000)
 ParOldGen       total 1381888K, used 1381882K [0x0000000080000000, 0x00000000d4580000, 0x00000000d5580000)
  object space 1381888K, 99% used [0x0000000080000000,0x00000000d457e860,0x00000000d4580000)
 Metaspace       used 108919K, committed 111168K, reserved 1179648K
  class space    used 10899K, committed 11968K, reserved 1048576K
}
Event: 2513.520 GC heap before
{Heap before GC invocations=8498 (full 10):
 PSYoungGen      total 6656K, used 6654K [0x00000000d5580000, 0x00000000d6500000, 0x0000000100000000)
  eden space 5632K, 100% used [0x00000000d5580000,0x00000000d5b00000,0x00000000d5b00000)
  from space 1024K, 99% used [0x00000000d5b00000,0x00000000d5bffbf0,0x00000000d5c00000)
  to   space 5120K, 0% used [0x00000000d6000000,0x00000000d6000000,0x00000000d6500000)
 ParOldGen       total 1381888K, used 1381882K [0x0000000080000000, 0x00000000d4580000, 0x00000000d5580000)
  object space 1381888K, 99% used [0x0000000080000000,0x00000000d457e860,0x00000000d4580000)
 Metaspace       used 108919K, committed 111168K, reserved 1179648K
  class space    used 10899K, committed 11968K, reserved 1048576K
}
Event: 2513.526 GC heap after
{Heap after GC invocations=8498 (full 10):
 PSYoungGen      total 8192K, used 5120K [0x00000000d5580000, 0x00000000d6b80000, 0x0000000100000000)
  eden space 3072K, 0% used [0x00000000d5580000,0x00000000d5580000,0x00000000d5880000)
  from space 5120K, 100% used [0x00000000d6000000,0x00000000d6500000,0x00000000d6500000)
  to   space 7680K, 0% used [0x00000000d5880000,0x00000000d5880000,0x00000000d6000000)
 ParOldGen       total 1383424K, used 1383415K [0x0000000080000000, 0x00000000d4700000, 0x00000000d5580000)
  object space 1383424K, 99% used [0x0000000080000000,0x00000000d46fdec0,0x00000000d4700000)
 Metaspace       used 108919K, committed 111168K, reserved 1179648K
  class space    used 10899K, committed 11968K, reserved 1048576K
}
Event: 2513.529 GC heap before
{Heap before GC invocations=8499 (full 10):
 PSYoungGen      total 8192K, used 8192K [0x00000000d5580000, 0x00000000d6b80000, 0x0000000100000000)
  eden space 3072K, 100% used [0x00000000d5580000,0x00000000d5880000,0x00000000d5880000)
  from space 5120K, 100% used [0x00000000d6000000,0x00000000d6500000,0x00000000d6500000)
  to   space 7680K, 0% used [0x00000000d5880000,0x00000000d5880000,0x00000000d6000000)
 ParOldGen       total 1383424K, used 1383415K [0x0000000080000000, 0x00000000d4700000, 0x00000000d5580000)
  object space 1383424K, 99% used [0x0000000080000000,0x00000000d46fdec0,0x00000000d4700000)
 Metaspace       used 108919K, committed 111168K, reserved 1179648K
  class space    used 10899K, committed 11968K, reserved 1048576K
}
Event: 2514.533 GC heap after
{Heap after GC invocations=8499 (full 10):
 PSYoungGen      total 4096K, used 730K [0x00000000d5580000, 0x00000000d6080000, 0x0000000100000000)
  eden space 3072K, 0% used [0x00000000d5580000,0x00000000d5580000,0x00000000d5880000)
  from space 1024K, 71% used [0x00000000d5880000,0x00000000d5936900,0x00000000d5980000)
  to   space 3072K, 0% used [0x00000000d5d80000,0x00000000d5d80000,0x00000000d6080000)
 ParOldGen       total 1389056K, used 1388599K [0x0000000080000000, 0x00000000d4c80000, 0x00000000d5580000)
  object space 1389056K, 99% used [0x0000000080000000,0x00000000d4c0dec0,0x00000000d4c80000)
 Metaspace       used 108919K, committed 111168K, reserved 1179648K
  class space    used 10899K, committed 11968K, reserved 1048576K
}
Event: 2514.536 GC heap before
{Heap before GC invocations=8500 (full 10):
 PSYoungGen      total 4096K, used 3802K [0x00000000d5580000, 0x00000000d6080000, 0x0000000100000000)
  eden space 3072K, 100% used [0x00000000d5580000,0x00000000d5880000,0x00000000d5880000)
  from space 1024K, 71% used [0x00000000d5880000,0x00000000d5936900,0x00000000d5980000)
  to   space 3072K, 0% used [0x00000000d5d80000,0x00000000d5d80000,0x00000000d6080000)
 ParOldGen       total 1389056K, used 1388599K [0x0000000080000000, 0x00000000d4c80000, 0x00000000d5580000)
  object space 1389056K, 99% used [0x0000000080000000,0x00000000d4c0dec0,0x00000000d4c80000)
 Metaspace       used 108919K, committed 111168K, reserved 1179648K
  class space    used 10899K, committed 11968K, reserved 1048576K
}
Event: 2514.538 GC heap after
{Heap after GC invocations=8500 (full 10):
 PSYoungGen      total 5120K, used 570K [0x00000000d5580000, 0x00000000d5e80000, 0x0000000100000000)
  eden space 4096K, 0% used [0x00000000d5580000,0x00000000d5580000,0x00000000d5980000)
  from space 1024K, 55% used [0x00000000d5d80000,0x00000000d5e0e900,0x00000000d5e80000)
  to   space 1024K, 0% used [0x00000000d5c80000,0x00000000d5c80000,0x00000000d5d80000)
 ParOldGen       total 1389568K, used 1389148K [0x0000000080000000, 0x00000000d4d00000, 0x00000000d5580000)
  object space 1389568K, 99% used [0x0000000080000000,0x00000000d4c970c0,0x00000000d4d00000)
 Metaspace       used 108919K, committed 111168K, reserved 1179648K
  class space    used 10899K, committed 11968K, reserved 1048576K
}
Event: 2514.541 GC heap before
{Heap before GC invocations=8501 (full 10):
 PSYoungGen      total 5120K, used 4666K [0x00000000d5580000, 0x00000000d5e80000, 0x0000000100000000)
  eden space 4096K, 100% used [0x00000000d5580000,0x00000000d5980000,0x00000000d5980000)
  from space 1024K, 55% used [0x00000000d5d80000,0x00000000d5e0e900,0x00000000d5e80000)
  to   space 1024K, 0% used [0x00000000d5c80000,0x00000000d5c80000,0x00000000d5d80000)
 ParOldGen       total 1389568K, used 1389148K [0x0000000080000000, 0x00000000d4d00000, 0x00000000d5580000)
  object space 1389568K, 99% used [0x0000000080000000,0x00000000d4c970c0,0x00000000d4d00000)
 Metaspace       used 108919K, committed 111168K, reserved 1179648K
  class space    used 10899K, committed 11968K, reserved 1048576K
}
Event: 2514.543 GC heap after
{Heap after GC invocations=8501 (full 10):
 PSYoungGen      total 6144K, used 762K [0x00000000d5580000, 0x00000000d5e00000, 0x0000000100000000)
  eden space 5120K, 0% used [0x00000000d5580000,0x00000000d5580000,0x00000000d5a80000)
  from space 1024K, 74% used [0x00000000d5c80000,0x00000000d5d3e900,0x00000000d5d80000)
  to   space 512K, 0% used [0x00000000d5d80000,0x00000000d5d80000,0x00000000d5e00000)
 ParOldGen       total 1389568K, used 1389559K [0x0000000080000000, 0x00000000d4d00000, 0x00000000d5580000)
  object space 1389568K, 99% used [0x0000000080000000,0x00000000d4cfde78,0x00000000d4d00000)
 Metaspace       used 108919K, committed 111168K, reserved 1179648K
  class space    used 10899K, committed 11968K, reserved 1048576K
}
Event: 2514.547 GC heap before
{Heap before GC invocations=8502 (full 10):
 PSYoungGen      total 6144K, used 5882K [0x00000000d5580000, 0x00000000d5e00000, 0x0000000100000000)
  eden space 5120K, 100% used [0x00000000d5580000,0x00000000d5a80000,0x00000000d5a80000)
  from space 1024K, 74% used [0x00000000d5c80000,0x00000000d5d3e900,0x00000000d5d80000)
  to   space 512K, 0% used [0x00000000d5d80000,0x00000000d5d80000,0x00000000d5e00000)
 ParOldGen       total 1389568K, used 1389559K [0x0000000080000000, 0x00000000d4d00000, 0x00000000d5580000)
  object space 1389568K, 99% used [0x0000000080000000,0x00000000d4cfde78,0x00000000d4d00000)
 Metaspace       used 108919K, committed 111168K, reserved 1179648K
  class space    used 10899K, committed 11968K, reserved 1048576K
}
Event: 2514.549 GC heap after
{Heap after GC invocations=8502 (full 10):
 PSYoungGen      total 6656K, used 512K [0x00000000d5580000, 0x00000000d5e80000, 0x0000000100000000)
  eden space 6144K, 0% used [0x00000000d5580000,0x00000000d5580000,0x00000000d5b80000)
  from space 512K, 100% used [0x00000000d5d80000,0x00000000d5e00000,0x00000000d5e00000)
  to   space 1536K, 0% used [0x00000000d5b80000,0x00000000d5b80000,0x00000000d5d00000)
 ParOldGen       total 1390592K, used 1390380K [0x0000000080000000, 0x00000000d4e00000, 0x00000000d5580000)
  object space 1390592K, 99% used [0x0000000080000000,0x00000000d4dcb088,0x00000000d4e00000)
 Metaspace       used 108919K, committed 111168K, reserved 1179648K
  class space    used 10899K, committed 11968K, reserved 1048576K
}
Event: 2514.557 GC heap before
{Heap before GC invocations=8503 (full 10):
 PSYoungGen      total 6656K, used 6656K [0x00000000d5580000, 0x00000000d5e80000, 0x0000000100000000)
  eden space 6144K, 100% used [0x00000000d5580000,0x00000000d5b80000,0x00000000d5b80000)
  from space 512K, 100% used [0x00000000d5d80000,0x00000000d5e00000,0x00000000d5e00000)
  to   space 1536K, 0% used [0x00000000d5b80000,0x00000000d5b80000,0x00000000d5d00000)
 ParOldGen       total 1390592K, used 1390380K [0x0000000080000000, 0x00000000d4e00000, 0x00000000d5580000)
  object space 1390592K, 99% used [0x0000000080000000,0x00000000d4dcb088,0x00000000d4e00000)
 Metaspace       used 108919K, committed 111168K, reserved 1179648K
  class space    used 10899K, committed 11968K, reserved 1048576K
}
Event: 2514.559 GC heap after
{Heap after GC invocations=8503 (full 10):
 PSYoungGen      total 7680K, used 832K [0x00000000d5580000, 0x00000000d5f00000, 0x0000000100000000)
  eden space 6144K, 0% used [0x00000000d5580000,0x00000000d5580000,0x00000000d5b80000)
  from space 1536K, 54% used [0x00000000d5b80000,0x00000000d5c50000,0x00000000d5d00000)
  to   space 1024K, 0% used [0x00000000d5e00000,0x00000000d5e00000,0x00000000d5f00000)
 ParOldGen       total 1391104K, used 1390920K [0x0000000080000000, 0x00000000d4e80000, 0x00000000d5580000)
  object space 1391104K, 99% used [0x0000000080000000,0x00000000d4e52098,0x00000000d4e80000)
 Metaspace       used 108919K, committed 111168K, reserved 1179648K
  class space    used 10899K, committed 11968K, reserved 1048576K
}
Event: 2514.568 GC heap before
{Heap before GC invocations=8504 (full 10):
 PSYoungGen      total 7680K, used 6976K [0x00000000d5580000, 0x00000000d5f00000, 0x0000000100000000)
  eden space 6144K, 100% used [0x00000000d5580000,0x00000000d5b80000,0x00000000d5b80000)
  from space 1536K, 54% used [0x00000000d5b80000,0x00000000d5c50000,0x00000000d5d00000)
  to   space 1024K, 0% used [0x00000000d5e00000,0x00000000d5e00000,0x00000000d5f00000)
 ParOldGen       total 1391104K, used 1390920K [0x0000000080000000, 0x00000000d4e80000, 0x00000000d5580000)
  object space 1391104K, 99% used [0x0000000080000000,0x00000000d4e52098,0x00000000d4e80000)
 Metaspace       used 108919K, committed 111168K, reserved 1179648K
  class space    used 10899K, committed 11968K, reserved 1048576K
}
Event: 2514.570 GC heap after
{Heap after GC invocations=8504 (full 10):
 PSYoungGen      total 8704K, used 842K [0x00000000d5580000, 0x00000000d5f00000, 0x0000000100000000)
  eden space 7680K, 0% used [0x00000000d5580000,0x00000000d5580000,0x00000000d5d00000)
  from space 1024K, 82% used [0x00000000d5e00000,0x00000000d5ed2910,0x00000000d5f00000)
  to   space 1024K, 0% used [0x00000000d5d00000,0x00000000d5d00000,0x00000000d5e00000)
 ParOldGen       total 1392128K, used 1391636K [0x0000000080000000, 0x00000000d4f80000, 0x00000000d5580000)
  object space 1392128K, 99% used [0x0000000080000000,0x00000000d4f05258,0x00000000d4f80000)
 Metaspace       used 108919K, committed 111168K, reserved 1179648K
  class space    used 10899K, committed 11968K, reserved 1048576K
}
Event: 2514.671 GC heap before
{Heap before GC invocations=8505 (full 10):
 PSYoungGen      total 8704K, used 8522K [0x00000000d5580000, 0x00000000d5f00000, 0x0000000100000000)
  eden space 7680K, 100% used [0x00000000d5580000,0x00000000d5d00000,0x00000000d5d00000)
  from space 1024K, 82% used [0x00000000d5e00000,0x00000000d5ed2910,0x00000000d5f00000)
  to   space 1024K, 0% used [0x00000000d5d00000,0x00000000d5d00000,0x00000000d5e00000)
 ParOldGen       total 1392128K, used 1391636K [0x0000000080000000, 0x00000000d4f80000, 0x00000000d5580000)
  object space 1392128K, 99% used [0x0000000080000000,0x00000000d4f05258,0x00000000d4f80000)
 Metaspace       used 108925K, committed 111168K, reserved 1179648K
  class space    used 10899K, committed 11968K, reserved 1048576K
}
Event: 2516.674 GC heap after
{Heap after GC invocations=8505 (full 10):
 PSYoungGen      total 8704K, used 1022K [0x00000000d5580000, 0x00000000d5f00000, 0x0000000100000000)
  eden space 7680K, 0% used [0x00000000d5580000,0x00000000d5580000,0x00000000d5d00000)
  from space 1024K, 99% used [0x00000000d5d00000,0x00000000d5dffbf0,0x00000000d5e00000)
  to   space 1024K, 0% used [0x00000000d5e00000,0x00000000d5e00000,0x00000000d5f00000)
 ParOldGen       total 1395200K, used 1394729K [0x0000000080000000, 0x00000000d5280000, 0x00000000d5580000)
  object space 1395200K, 99% used [0x0000000080000000,0x00000000d520a650,0x00000000d5280000)
 Metaspace       used 108925K, committed 111168K, reserved 1179648K
  class space    used 10899K, committed 11968K, reserved 1048576K
}

