# JRE version: OpenJDK Runtime Environment Temurin-21.0.10+7 (21.0.10+7) (build 21.0.10+7-LTS)
# Java VM: OpenJDK 64-Bit Server VM Temurin-21.0.10+7 (21.0.10+7-LTS, mixed mode, sharing, tiered, compressed oops, compressed class ptrs, parallel gc, windows-amd64)
GC Precious Log:
 CardTable entry size: 512
 CPUs: 12 total, 12 available
 Memory: 16072M
 Large Page Support: Disabled
 NUMA Support: Disabled
 Compressed Oops: Enabled (32-bit)
 Alignments: Space 512K, Generation 512K, Heap 2M
 Heap Min Capacity: 100M
 Heap Initial Capacity: 100M
 Heap Max Capacity: 2G
 Pre-touch: Disabled
 Parallel Workers: 10
Heap:
 PSYoungGen      total 6144K, used 6139K [0x00000000d5580000, 0x00000000d5d00000, 0x0000000100000000)
  eden space 5120K, 100% used [0x00000000d5580000,0x00000000d5a80000,0x00000000d5a80000)
  from space 1024K, 99% used [0x00000000d5c00000,0x00000000d5cfefc0,0x00000000d5d00000)
  to   space 1024K, 0% used [0x00000000d5a80000,0x00000000d5a80000,0x00000000d5b80000)
 ParOldGen       total 1324032K, used 1323974K [0x0000000080000000, 0x00000000d0d00000, 0x00000000d5580000)
  object space 1324032K, 99% used [0x0000000080000000,0x00000000d0cf1b28,0x00000000d0d00000)
 Metaspace       used 107027K, committed 109248K, reserved 1179648K
  class space    used 10759K, committed 11840K, reserved 1048576K
GC Heap History (20 events):
Event: 1398.079 GC heap before
{Heap before GC invocations=6180 (full 7):
 PSYoungGen      total 3584K, used 3574K [0x00000000d5580000, 0x00000000d6880000, 0x0000000100000000)
  eden space 2560K, 100% used [0x00000000d5580000,0x00000000d5800000,0x00000000d5800000)
  from space 1024K, 99% used [0x00000000d5e80000,0x00000000d5f7d8c0,0x00000000d5f80000)
  to   space 6656K, 0% used [0x00000000d5800000,0x00000000d5800000,0x00000000d5e80000)
 ParOldGen       total 1313792K, used 1313694K [0x0000000080000000, 0x00000000d0300000, 0x00000000d5580000)
  object space 1313792K, 99% used [0x0000000080000000,0x00000000d02e7b18,0x00000000d0300000)
 Metaspace       used 107027K, committed 109248K, reserved 1179648K
  class space    used 10759K, committed 11840K, reserved 1048576K
}
Event: 1398.082 GC heap after
{Heap after GC invocations=6180 (full 7):
 PSYoungGen      total 5120K, used 2400K [0x00000000d5580000, 0x00000000d5f00000, 0x0000000100000000)
  eden space 2560K, 0% used [0x00000000d5580000,0x00000000d5580000,0x00000000d5800000)
  from space 2560K, 93% used [0x00000000d5800000,0x00000000d5a58000,0x00000000d5a80000)
  to   space 3584K, 0% used [0x00000000d5b80000,0x00000000d5b80000,0x00000000d5f00000)
 ParOldGen       total 1314816K, used 1314748K [0x0000000080000000, 0x00000000d0400000, 0x00000000d5580000)
  object space 1314816K, 99% used [0x0000000080000000,0x00000000d03ef3d8,0x00000000d0400000)
 Metaspace       used 107027K, committed 109248K, reserved 1179648K
  class space    used 10759K, committed 11840K, reserved 1048576K
}
Event: 1398.087 GC heap before
{Heap before GC invocations=6181 (full 7):
 PSYoungGen      total 5120K, used 4960K [0x00000000d5580000, 0x00000000d5f00000, 0x0000000100000000)
  eden space 2560K, 100% used [0x00000000d5580000,0x00000000d5800000,0x00000000d5800000)
  from space 2560K, 93% used [0x00000000d5800000,0x00000000d5a58000,0x00000000d5a80000)
  to   space 3584K, 0% used [0x00000000d5b80000,0x00000000d5b80000,0x00000000d5f00000)
 ParOldGen       total 1314816K, used 1314748K [0x0000000080000000, 0x00000000d0400000, 0x00000000d5580000)
  object space 1314816K, 99% used [0x0000000080000000,0x00000000d03ef3d8,0x00000000d0400000)
 Metaspace       used 107027K, committed 109248K, reserved 1179648K
  class space    used 10759K, committed 11840K, reserved 1048576K
}
Event: 1398.089 GC heap after
{Heap after GC invocations=6181 (full 7):
 PSYoungGen      total 6144K, used 2618K [0x00000000d5580000, 0x00000000d5e80000, 0x0000000100000000)
  eden space 3072K, 0% used [0x00000000d5580000,0x00000000d5580000,0x00000000d5880000)
  from space 3072K, 85% used [0x00000000d5b80000,0x00000000d5e0e900,0x00000000d5e80000)
  to   space 3072K, 0% used [0x00000000d5880000,0x00000000d5880000,0x00000000d5b80000)
 ParOldGen       total 1317376K, used 1317060K [0x0000000080000000, 0x00000000d0680000, 0x00000000d5580000)
  object space 1317376K, 99% used [0x0000000080000000,0x00000000d06313d8,0x00000000d0680000)
 Metaspace       used 107027K, committed 109248K, reserved 1179648K
  class space    used 10759K, committed 11840K, reserved 1048576K
}
Event: 1398.092 GC heap before
{Heap before GC invocations=6182 (full 7):
 PSYoungGen      total 6144K, used 5690K [0x00000000d5580000, 0x00000000d5e80000, 0x0000000100000000)
  eden space 3072K, 100% used [0x00000000d5580000,0x00000000d5880000,0x00000000d5880000)
  from space 3072K, 85% used [0x00000000d5b80000,0x00000000d5e0e900,0x00000000d5e80000)
  to   space 3072K, 0% used [0x00000000d5880000,0x00000000d5880000,0x00000000d5b80000)
 ParOldGen       total 1317376K, used 1317060K [0x0000000080000000, 0x00000000d0680000, 0x00000000d5580000)
  object space 1317376K, 99% used [0x0000000080000000,0x00000000d06313d8,0x00000000d0680000)
 Metaspace       used 107027K, committed 109248K, reserved 1179648K
  class space    used 10759K, committed 11840K, reserved 1048576K
}
Event: 1398.094 GC heap after
{Heap after GC invocations=6182 (full 7):
 PSYoungGen      total 4096K, used 672K [0x00000000d5580000, 0x00000000d5c80000, 0x0000000100000000)
  eden space 3072K, 0% used [0x00000000d5580000,0x00000000d5580000,0x00000000d5880000)
  from space 1024K, 65% used [0x00000000d5880000,0x00000000d5928000,0x00000000d5980000)
  to   space 1536K, 0% used [0x00000000d5b00000,0x00000000d5b00000,0x00000000d5c80000)
 ParOldGen       total 1319936K, used 1319497K [0x0000000080000000, 0x00000000d0900000, 0x00000000d5580000)
  object space 1319936K, 99% used [0x0000000080000000,0x00000000d08925d8,0x00000000d0900000)
 Metaspace       used 107027K, committed 109248K, reserved 1179648K
  class space    used 10759K, committed 11840K, reserved 1048576K
}
Event: 1398.098 GC heap before
{Heap before GC invocations=6183 (full 7):
 PSYoungGen      total 4096K, used 3744K [0x00000000d5580000, 0x00000000d5c80000, 0x0000000100000000)
  eden space 3072K, 100% used [0x00000000d5580000,0x00000000d5880000,0x00000000d5880000)
  from space 1024K, 65% used [0x00000000d5880000,0x00000000d5928000,0x00000000d5980000)
  to   space 1536K, 0% used [0x00000000d5b00000,0x00000000d5b00000,0x00000000d5c80000)
 ParOldGen       total 1319936K, used 1319497K [0x0000000080000000, 0x00000000d0900000, 0x00000000d5580000)
  object space 1319936K, 99% used [0x0000000080000000,0x00000000d08925d8,0x00000000d0900000)
 Metaspace       used 107027K, committed 109248K, reserved 1179648K
  class space    used 10759K, committed 11840K, reserved 1048576K
}
Event: 1398.100 GC heap after
{Heap after GC invocations=6183 (full 7):
 PSYoungGen      total 4608K, used 480K [0x00000000d5580000, 0x00000000d5b80000, 0x0000000100000000)
  eden space 4096K, 0% used [0x00000000d5580000,0x00000000d5580000,0x00000000d5980000)
  from space 512K, 93% used [0x00000000d5b00000,0x00000000d5b78000,0x00000000d5b80000)
  to   space 1024K, 0% used [0x00000000d5980000,0x00000000d5980000,0x00000000d5a80000)
 ParOldGen       total 1320448K, used 1320037K [0x0000000080000000, 0x00000000d0980000, 0x00000000d5580000)
  object space 1320448K, 99% used [0x0000000080000000,0x00000000d09195e8,0x00000000d0980000)
 Metaspace       used 107027K, committed 109248K, reserved 1179648K
  class space    used 10759K, committed 11840K, reserved 1048576K
}
Event: 1398.122 GC heap before
{Heap before GC invocations=6184 (full 7):
 PSYoungGen      total 4608K, used 4576K [0x00000000d5580000, 0x00000000d5b80000, 0x0000000100000000)
  eden space 4096K, 100% used [0x00000000d5580000,0x00000000d5980000,0x00000000d5980000)
  from space 512K, 93% used [0x00000000d5b00000,0x00000000d5b78000,0x00000000d5b80000)
  to   space 1024K, 0% used [0x00000000d5980000,0x00000000d5980000,0x00000000d5a80000)
 ParOldGen       total 1320448K, used 1320037K [0x0000000080000000, 0x00000000d0980000, 0x00000000d5580000)
  object space 1320448K, 99% used [0x0000000080000000,0x00000000d09195e8,0x00000000d0980000)
 Metaspace       used 107027K, committed 109248K, reserved 1179648K
  class space    used 10759K, committed 11840K, reserved 1048576K
}
Event: 1398.124 GC heap after
{Heap after GC invocations=6184 (full 7):
 PSYoungGen      total 5120K, used 714K [0x00000000d5580000, 0x00000000d5c80000, 0x0000000100000000)
  eden space 4096K, 0% used [0x00000000d5580000,0x00000000d5580000,0x00000000d5980000)
  from space 1024K, 69% used [0x00000000d5980000,0x00000000d5a32910,0x00000000d5a80000)
  to   space 1024K, 0% used [0x00000000d5b80000,0x00000000d5b80000,0x00000000d5c80000)
 ParOldGen       total 1320448K, used 1320381K [0x0000000080000000, 0x00000000d0980000, 0x00000000d5580000)
  object space 1320448K, 99% used [0x0000000080000000,0x00000000d096f608,0x00000000d0980000)
 Metaspace       used 107027K, committed 109248K, reserved 1179648K
  class space    used 10759K, committed 11840K, reserved 1048576K
}
Event: 1398.129 GC heap before
{Heap before GC invocations=6185 (full 7):
 PSYoungGen      total 5120K, used 4810K [0x00000000d5580000, 0x00000000d5c80000, 0x0000000100000000)
  eden space 4096K, 100% used [0x00000000d5580000,0x00000000d5980000,0x00000000d5980000)
  from space 1024K, 69% used [0x00000000d5980000,0x00000000d5a32910,0x00000000d5a80000)
  to   space 1024K, 0% used [0x00000000d5b80000,0x00000000d5b80000,0x00000000d5c80000)
 ParOldGen       total 1320448K, used 1320381K [0x0000000080000000, 0x00000000d0980000, 0x00000000d5580000)
  object space 1320448K, 99% used [0x0000000080000000,0x00000000d096f608,0x00000000d0980000)
 Metaspace       used 107027K, committed 109248K, reserved 1179648K
  class space    used 10759K, committed 11840K, reserved 1048576K
}
Event: 1398.131 GC heap after
{Heap after GC invocations=6185 (full 7):
 PSYoungGen      total 6144K, used 544K [0x00000000d5580000, 0x00000000d5c80000, 0x0000000100000000)
  eden space 5120K, 0% used [0x00000000d5580000,0x00000000d5580000,0x00000000d5a80000)
  from space 1024K, 53% used [0x00000000d5b80000,0x00000000d5c08000,0x00000000d5c80000)
  to   space 1024K, 0% used [0x00000000d5a80000,0x00000000d5a80000,0x00000000d5b80000)
 ParOldGen       total 1320960K, used 1320918K [0x0000000080000000, 0x00000000d0a00000, 0x00000000d5580000)
  object space 1320960K, 99% used [0x0000000080000000,0x00000000d09f5aa8,0x00000000d0a00000)
 Metaspace       used 107027K, committed 109248K, reserved 1179648K
  class space    used 10759K, committed 11840K, reserved 1048576K
}
Event: 1398.415 GC heap before
{Heap before GC invocations=6186 (full 7):
 PSYoungGen      total 6144K, used 5663K [0x00000000d5580000, 0x00000000d5c80000, 0x0000000100000000)
  eden space 5120K, 99% used [0x00000000d5580000,0x00000000d5a7ffc8,0x00000000d5a80000)
  from space 1024K, 53% used [0x00000000d5b80000,0x00000000d5c08000,0x00000000d5c80000)
  to   space 1024K, 0% used [0x00000000d5a80000,0x00000000d5a80000,0x00000000d5b80000)
 ParOldGen       total 1320960K, used 1320918K [0x0000000080000000, 0x00000000d0a00000, 0x00000000d5580000)
  object space 1320960K, 99% used [0x0000000080000000,0x00000000d09f5aa8,0x00000000d0a00000)
 Metaspace       used 107027K, committed 109248K, reserved 1179648K
  class space    used 10759K, committed 11840K, reserved 1048576K
}
Event: 1398.418 GC heap after
{Heap after GC invocations=6186 (full 7):
 PSYoungGen      total 6144K, used 740K [0x00000000d5580000, 0x00000000d5d80000, 0x0000000100000000)
  eden space 5120K, 0% used [0x00000000d5580000,0x00000000d5580000,0x00000000d5a80000)
  from space 1024K, 72% used [0x00000000d5a80000,0x00000000d5b39210,0x00000000d5b80000)
  to   space 1024K, 0% used [0x00000000d5c80000,0x00000000d5c80000,0x00000000d5d80000)
 ParOldGen       total 1321472K, used 1321386K [0x0000000080000000, 0x00000000d0a80000, 0x00000000d5580000)
  object space 1321472K, 99% used [0x0000000080000000,0x00000000d0a6aad8,0x00000000d0a80000)
 Metaspace       used 107027K, committed 109248K, reserved 1179648K
  class space    used 10759K, committed 11840K, reserved 1048576K
}
Event: 1398.504 GC heap before
{Heap before GC invocations=6187 (full 7):
 PSYoungGen      total 6144K, used 5860K [0x00000000d5580000, 0x00000000d5d80000, 0x0000000100000000)
  eden space 5120K, 100% used [0x00000000d5580000,0x00000000d5a80000,0x00000000d5a80000)
  from space 1024K, 72% used [0x00000000d5a80000,0x00000000d5b39210,0x00000000d5b80000)
  to   space 1024K, 0% used [0x00000000d5c80000,0x00000000d5c80000,0x00000000d5d80000)
 ParOldGen       total 1321472K, used 1321386K [0x0000000080000000, 0x00000000d0a80000, 0x00000000d5580000)
  object space 1321472K, 99% used [0x0000000080000000,0x00000000d0a6aad8,0x00000000d0a80000)
 Metaspace       used 107027K, committed 109248K, reserved 1179648K
  class space    used 10759K, committed 11840K, reserved 1048576K
}
Event: 1398.506 GC heap after
{Heap after GC invocations=6187 (full 7):
 PSYoungGen      total 6144K, used 608K [0x00000000d5580000, 0x00000000d5d80000, 0x0000000100000000)
  eden space 5120K, 0% used [0x00000000d5580000,0x00000000d5580000,0x00000000d5a80000)
  from space 1024K, 59% used [0x00000000d5c80000,0x00000000d5d18000,0x00000000d5d80000)
  to   space 1024K, 0% used [0x00000000d5a80000,0x00000000d5a80000,0x00000000d5b80000)
 ParOldGen       total 1322496K, used 1322009K [0x0000000080000000, 0x00000000d0b80000, 0x00000000d5580000)
  object space 1322496K, 99% used [0x0000000080000000,0x00000000d0b06478,0x00000000d0b80000)
 Metaspace       used 107027K, committed 109248K, reserved 1179648K
  class space    used 10759K, committed 11840K, reserved 1048576K
}
Event: 1398.510 GC heap before
{Heap before GC invocations=6188 (full 7):
 PSYoungGen      total 6144K, used 5728K [0x00000000d5580000, 0x00000000d5d80000, 0x0000000100000000)
  eden space 5120K, 100% used [0x00000000d5580000,0x00000000d5a80000,0x00000000d5a80000)
  from space 1024K, 59% used [0x00000000d5c80000,0x00000000d5d18000,0x00000000d5d80000)
  to   space 1024K, 0% used [0x00000000d5a80000,0x00000000d5a80000,0x00000000d5b80000)
 ParOldGen       total 1322496K, used 1322009K [0x0000000080000000, 0x00000000d0b80000, 0x00000000d5580000)
  object space 1322496K, 99% used [0x0000000080000000,0x00000000d0b06478,0x00000000d0b80000)
 Metaspace       used 107027K, committed 109248K, reserved 1179648K
  class space    used 10759K, committed 11840K, reserved 1048576K
}
Event: 1398.512 GC heap after
{Heap after GC invocations=6188 (full 7):
 PSYoungGen      total 6144K, used 826K [0x00000000d5580000, 0x00000000d5d00000, 0x0000000100000000)
  eden space 5120K, 0% used [0x00000000d5580000,0x00000000d5580000,0x00000000d5a80000)
  from space 1024K, 80% used [0x00000000d5a80000,0x00000000d5b4e900,0x00000000d5b80000)
  to   space 1024K, 0% used [0x00000000d5c00000,0x00000000d5c00000,0x00000000d5d00000)
 ParOldGen       total 1323008K, used 1322544K [0x0000000080000000, 0x00000000d0c00000, 0x00000000d5580000)
  object space 1323008K, 99% used [0x0000000080000000,0x00000000d0b8c238,0x00000000d0c00000)
 Metaspace       used 107027K, committed 109248K, reserved 1179648K
  class space    used 10759K, committed 11840K, reserved 1048576K
}
Event: 1398.694 GC heap before
{Heap before GC invocations=6189 (full 7):
 PSYoungGen      total 6144K, used 5946K [0x00000000d5580000, 0x00000000d5d00000, 0x0000000100000000)
  eden space 5120K, 100% used [0x00000000d5580000,0x00000000d5a80000,0x00000000d5a80000)
  from space 1024K, 80% used [0x00000000d5a80000,0x00000000d5b4e900,0x00000000d5b80000)
  to   space 1024K, 0% used [0x00000000d5c00000,0x00000000d5c00000,0x00000000d5d00000)
 ParOldGen       total 1323008K, used 1322544K [0x0000000080000000, 0x00000000d0c00000, 0x00000000d5580000)
  object space 1323008K, 99% used [0x0000000080000000,0x00000000d0b8c238,0x00000000d0c00000)
 Metaspace       used 107027K, committed 109248K, reserved 1179648K
  class space    used 10759K, committed 11840K, reserved 1048576K
}
Event: 1401.710 GC heap after
{Heap after GC invocations=6189 (full 7):
 PSYoungGen      total 6144K, used 1019K [0x00000000d5580000, 0x00000000d5d00000, 0x0000000100000000)
  eden space 5120K, 0% used [0x00000000d5580000,0x00000000d5580000,0x00000000d5a80000)
  from space 1024K, 99% used [0x00000000d5c00000,0x00000000d5cfefc0,0x00000000d5d00000)
  to   space 1024K, 0% used [0x00000000d5a80000,0x00000000d5a80000,0x00000000d5b80000)
 ParOldGen       total 1324032K, used 1323974K [0x0000000080000000, 0x00000000d0d00000, 0x00000000d5580000)
  object space 1324032K, 99% used [0x0000000080000000,0x00000000d0cf1b28,0x00000000d0d00000)
 Metaspace       used 107027K, committed 109248K, reserved 1179648K
  class space    used 10759K, committed 11840K, reserved 1048576K
}

