# JRE version: Java(TM) SE Runtime Environment (21.0.8+12) (build 21.0.8+12-LTS-250)
# Java VM: Java HotSpot(TM) 64-Bit Server VM (21.0.8+12-LTS-250, mixed mode, sharing, tiered, compressed oops, compressed class ptrs, g1 gc, windows-amd64)
GC Precious Log:
 CardTable entry size: 512
 Card Set container configuration: InlinePtr #cards 4 size 8 Array Of Cards #cards 16 size 48 Howl #buckets 8 coarsen threshold 3686 Howl Bitmap #cards 512 size 80 coarsen threshold 460 Card regions per heap region 1 cards per card region 4096
 CPUs: 12 total, 12 available
 Memory: 16072M
 Large Page Support: Disabled
 NUMA Support: Disabled
 Compressed Oops: Enabled (Zero based)
 Heap Region Size: 2M
 Heap Min Capacity: 8M
 Heap Initial Capacity: 252M
 Heap Max Capacity: 4020M
 Pre-touch: Disabled
 Parallel Workers: 10
 Concurrent Workers: 3
 Concurrent Refinement Workers: 10
 Periodic GC: Disabled
Heap:
 garbage-first heap   total 92160K, used 52365K [0x0000000704c00000, 0x0000000800000000)
  region size 2048K, 5 young (10240K), 3 survivors (6144K)
 Metaspace       used 86437K, committed 87296K, reserved 1179648K
  class space    used 11565K, committed 11968K, reserved 1048576K
GC Heap History (20 events):
Event: 2.616 GC heap before
{Heap before GC invocations=7 (full 0):
 garbage-first heap   total 75776K, used 52798K [0x0000000704c00000, 0x0000000800000000)
  region size 2048K, 18 young (36864K), 3 survivors (6144K)
 Metaspace       used 35626K, committed 36096K, reserved 1114112K
  class space    used 4304K, committed 4544K, reserved 1048576K
}
Event: 2.619 GC heap after
{Heap after GC invocations=8 (full 0):
 garbage-first heap   total 75776K, used 25775K [0x0000000704c00000, 0x0000000800000000)
  region size 2048K, 3 young (6144K), 3 survivors (6144K)
 Metaspace       used 35626K, committed 36096K, reserved 1114112K
  class space    used 4304K, committed 4544K, reserved 1048576K
}
Event: 3.150 GC heap before
{Heap before GC invocations=9 (full 0):
 garbage-first heap   total 75776K, used 58543K [0x0000000704c00000, 0x0000000800000000)
  region size 2048K, 19 young (38912K), 3 survivors (6144K)
 Metaspace       used 40256K, committed 40768K, reserved 1114112K
  class space    used 4989K, committed 5184K, reserved 1048576K
}
Event: 3.153 GC heap after
{Heap after GC invocations=10 (full 0):
 garbage-first heap   total 92160K, used 27691K [0x0000000704c00000, 0x0000000800000000)
  region size 2048K, 2 young (4096K), 2 survivors (4096K)
 Metaspace       used 40256K, committed 40768K, reserved 1114112K
  class space    used 4989K, committed 5184K, reserved 1048576K
}
Event: 4.102 GC heap before
{Heap before GC invocations=10 (full 0):
 garbage-first heap   total 92160K, used 72747K [0x0000000704c00000, 0x0000000800000000)
  region size 2048K, 25 young (51200K), 2 survivors (4096K)
 Metaspace       used 45373K, committed 45952K, reserved 1114112K
  class space    used 5708K, committed 5952K, reserved 1048576K
}
Event: 4.108 GC heap after
{Heap after GC invocations=11 (full 0):
 garbage-first heap   total 92160K, used 34006K [0x0000000704c00000, 0x0000000800000000)
  region size 2048K, 4 young (8192K), 4 survivors (8192K)
 Metaspace       used 45373K, committed 45952K, reserved 1114112K
  class space    used 5708K, committed 5952K, reserved 1048576K
}
Event: 4.554 GC heap before
{Heap before GC invocations=11 (full 0):
 garbage-first heap   total 92160K, used 74966K [0x0000000704c00000, 0x0000000800000000)
  region size 2048K, 25 young (51200K), 4 survivors (8192K)
 Metaspace       used 47802K, committed 48448K, reserved 1114112K
  class space    used 6044K, committed 6336K, reserved 1048576K
}
Event: 4.559 GC heap after
{Heap after GC invocations=12 (full 0):
 garbage-first heap   total 92160K, used 38448K [0x0000000704c00000, 0x0000000800000000)
  region size 2048K, 3 young (6144K), 3 survivors (6144K)
 Metaspace       used 47802K, committed 48448K, reserved 1114112K
  class space    used 6044K, committed 6336K, reserved 1048576K
}
Event: 5.675 GC heap before
{Heap before GC invocations=12 (full 0):
 garbage-first heap   total 92160K, used 75312K [0x0000000704c00000, 0x0000000800000000)
  region size 2048K, 22 young (45056K), 3 survivors (6144K)
 Metaspace       used 56802K, committed 57536K, reserved 1114112K
  class space    used 7086K, committed 7424K, reserved 1048576K
}
Event: 5.678 GC heap after
{Heap after GC invocations=13 (full 0):
 garbage-first heap   total 92160K, used 42077K [0x0000000704c00000, 0x0000000800000000)
  region size 2048K, 2 young (4096K), 2 survivors (4096K)
 Metaspace       used 56802K, committed 57536K, reserved 1114112K
  class space    used 7086K, committed 7424K, reserved 1048576K
}
Event: 5.861 GC heap before
{Heap before GC invocations=13 (full 0):
 garbage-first heap   total 92160K, used 56413K [0x0000000704c00000, 0x0000000800000000)
  region size 2048K, 10 young (20480K), 2 survivors (4096K)
 Metaspace       used 59590K, committed 60288K, reserved 1114112K
  class space    used 7603K, committed 7936K, reserved 1048576K
}
Event: 5.863 GC heap after
{Heap after GC invocations=14 (full 0):
 garbage-first heap   total 92160K, used 42963K [0x0000000704c00000, 0x0000000800000000)
  region size 2048K, 1 young (2048K), 1 survivors (2048K)
 Metaspace       used 59590K, committed 60288K, reserved 1114112K
  class space    used 7603K, committed 7936K, reserved 1048576K
}
Event: 6.363 GC heap before
{Heap before GC invocations=15 (full 0):
 garbage-first heap   total 92160K, used 79827K [0x0000000704c00000, 0x0000000800000000)
  region size 2048K, 19 young (38912K), 1 survivors (2048K)
 Metaspace       used 66923K, committed 67648K, reserved 1114112K
  class space    used 8788K, committed 9088K, reserved 1048576K
}
Event: 6.365 GC heap after
{Heap after GC invocations=16 (full 0):
 garbage-first heap   total 92160K, used 44521K [0x0000000704c00000, 0x0000000800000000)
  region size 2048K, 2 young (4096K), 2 survivors (4096K)
 Metaspace       used 66923K, committed 67648K, reserved 1114112K
  class space    used 8788K, committed 9088K, reserved 1048576K
}
Event: 6.814 GC heap before
{Heap before GC invocations=16 (full 0):
 garbage-first heap   total 92160K, used 79337K [0x0000000704c00000, 0x0000000800000000)
  region size 2048K, 19 young (38912K), 2 survivors (4096K)
 Metaspace       used 75273K, committed 75968K, reserved 1179648K
  class space    used 10004K, committed 10304K, reserved 1048576K
}
Event: 6.817 GC heap after
{Heap after GC invocations=17 (full 0):
 garbage-first heap   total 92160K, used 44664K [0x0000000704c00000, 0x0000000800000000)
  region size 2048K, 2 young (4096K), 2 survivors (4096K)
 Metaspace       used 75273K, committed 75968K, reserved 1179648K
  class space    used 10004K, committed 10304K, reserved 1048576K
}
Event: 7.319 GC heap before
{Heap before GC invocations=17 (full 0):
 garbage-first heap   total 92160K, used 79480K [0x0000000704c00000, 0x0000000800000000)
  region size 2048K, 20 young (40960K), 2 survivors (4096K)
 Metaspace       used 82552K, committed 83264K, reserved 1179648K
  class space    used 11025K, committed 11328K, reserved 1048576K
}
Event: 7.323 GC heap after
{Heap after GC invocations=18 (full 0):
 garbage-first heap   total 92160K, used 47078K [0x0000000704c00000, 0x0000000800000000)
  region size 2048K, 3 young (6144K), 3 survivors (6144K)
 Metaspace       used 82552K, committed 83264K, reserved 1179648K
  class space    used 11025K, committed 11328K, reserved 1048576K
}
Event: 8.063 GC heap before
{Heap before GC invocations=18 (full 0):
 garbage-first heap   total 92160K, used 75750K [0x0000000704c00000, 0x0000000800000000)
  region size 2048K, 18 young (36864K), 3 survivors (6144K)
 Metaspace       used 86312K, committed 87168K, reserved 1179648K
  class space    used 11520K, committed 11904K, reserved 1048576K
}
Event: 8.067 GC heap after
{Heap after GC invocations=19 (full 0):
 garbage-first heap   total 92160K, used 50317K [0x0000000704c00000, 0x0000000800000000)
  region size 2048K, 3 young (6144K), 3 survivors (6144K)
 Metaspace       used 86312K, committed 87168K, reserved 1179648K
  class space    used 11520K, committed 11904K, reserved 1048576K
}

