# JRE version: Java(TM) SE Runtime Environment (21.0.8+12) (build 21.0.8+12-LTS-250)
# Java VM: Java HotSpot(TM) 64-Bit Server VM (21.0.8+12-LTS-250, mixed mode, sharing, tiered, compressed oops, compressed class ptrs, g1 gc, windows-amd64)
GC Precious Log:
 CardTable entry size: 512
 Card Set container configuration: InlinePtr #cards 4 size 8 Array Of Cards #cards 16 size 48 Howl #buckets 8 coarsen threshold 3686 Howl Bitmap #cards 512 size 80 coarsen threshold 460 Card regions per heap region 1 cards per card region 4096
 CPUs: 12 total, 12 available
 Memory: 16072M
 Large Page Support: Disabled
 NUMA Support: Disabled
 Compressed Oops: Enabled (Zero based)
 Heap Region Size: 2M
 Heap Min Capacity: 8M
 Heap Initial Capacity: 252M
 Heap Max Capacity: 4020M
 Pre-touch: Disabled
 Parallel Workers: 10
 Concurrent Workers: 3
 Concurrent Refinement Workers: 10
 Periodic GC: Disabled
Heap:
 garbage-first heap   total 96256K, used 81888K [0x0000000704c00000, 0x0000000800000000)
  region size 2048K, 22 young (45056K), 1 survivors (2048K)
 Metaspace       used 67793K, committed 68800K, reserved 1114112K
  class space    used 8417K, committed 8896K, reserved 1048576K
GC Heap History (20 events):
Event: 92.536 GC heap before
{Heap before GC invocations=24 (full 0):
 garbage-first heap   total 96256K, used 82288K [0x0000000704c00000, 0x0000000800000000)
  region size 2048K, 21 young (43008K), 2 survivors (4096K)
 Metaspace       used 64856K, committed 65792K, reserved 1114112K
  class space    used 8389K, committed 8832K, reserved 1048576K
}
Event: 92.538 GC heap after
{Heap after GC invocations=25 (full 0):
 garbage-first heap   total 96256K, used 43573K [0x0000000704c00000, 0x0000000800000000)
  region size 2048K, 2 young (4096K), 2 survivors (4096K)
 Metaspace       used 64856K, committed 65792K, reserved 1114112K
  class space    used 8389K, committed 8832K, reserved 1048576K
}
Event: 102.544 GC heap before
{Heap before GC invocations=25 (full 0):
 garbage-first heap   total 96256K, used 82485K [0x0000000704c00000, 0x0000000800000000)
  region size 2048K, 21 young (43008K), 2 survivors (4096K)
 Metaspace       used 64880K, committed 65792K, reserved 1114112K
  class space    used 8389K, committed 8832K, reserved 1048576K
}
Event: 102.547 GC heap after
{Heap after GC invocations=26 (full 0):
 garbage-first heap   total 96256K, used 43445K [0x0000000704c00000, 0x0000000800000000)
  region size 2048K, 2 young (4096K), 2 survivors (4096K)
 Metaspace       used 64880K, committed 65792K, reserved 1114112K
  class space    used 8389K, committed 8832K, reserved 1048576K
}
Event: 112.555 GC heap before
{Heap before GC invocations=26 (full 0):
 garbage-first heap   total 96256K, used 84405K [0x0000000704c00000, 0x0000000800000000)
  region size 2048K, 22 young (45056K), 2 survivors (4096K)
 Metaspace       used 64956K, committed 65920K, reserved 1114112K
  class space    used 8389K, committed 8832K, reserved 1048576K
}
Event: 112.557 GC heap after
{Heap after GC invocations=27 (full 0):
 garbage-first heap   total 96256K, used 43439K [0x0000000704c00000, 0x0000000800000000)
  region size 2048K, 2 young (4096K), 2 survivors (4096K)
 Metaspace       used 64956K, committed 65920K, reserved 1114112K
  class space    used 8389K, committed 8832K, reserved 1048576K
}
Event: 127.532 GC heap before
{Heap before GC invocations=28 (full 0):
 garbage-first heap   total 96256K, used 84399K [0x0000000704c00000, 0x0000000800000000)
  region size 2048K, 22 young (45056K), 2 survivors (4096K)
 Metaspace       used 64978K, committed 65920K, reserved 1114112K
  class space    used 8389K, committed 8832K, reserved 1048576K
}
Event: 127.535 GC heap after
{Heap after GC invocations=29 (full 0):
 garbage-first heap   total 96256K, used 43274K [0x0000000704c00000, 0x0000000800000000)
  region size 2048K, 2 young (4096K), 2 survivors (4096K)
 Metaspace       used 64978K, committed 65920K, reserved 1114112K
  class space    used 8389K, committed 8832K, reserved 1048576K
}
Event: 137.553 GC heap before
{Heap before GC invocations=29 (full 0):
 garbage-first heap   total 96256K, used 84234K [0x0000000704c00000, 0x0000000800000000)
  region size 2048K, 22 young (45056K), 2 survivors (4096K)
 Metaspace       used 65006K, committed 65984K, reserved 1114112K
  class space    used 8389K, committed 8832K, reserved 1048576K
}
Event: 137.555 GC heap after
{Heap after GC invocations=30 (full 0):
 garbage-first heap   total 96256K, used 42982K [0x0000000704c00000, 0x0000000800000000)
  region size 2048K, 2 young (4096K), 2 survivors (4096K)
 Metaspace       used 65006K, committed 65984K, reserved 1114112K
  class space    used 8389K, committed 8832K, reserved 1048576K
}
Event: 147.577 GC heap before
{Heap before GC invocations=30 (full 0):
 garbage-first heap   total 96256K, used 83942K [0x0000000704c00000, 0x0000000800000000)
  region size 2048K, 22 young (45056K), 2 survivors (4096K)
 Metaspace       used 65059K, committed 66048K, reserved 1114112K
  class space    used 8389K, committed 8832K, reserved 1048576K
}
Event: 147.580 GC heap after
{Heap after GC invocations=31 (full 0):
 garbage-first heap   total 96256K, used 42693K [0x0000000704c00000, 0x0000000800000000)
  region size 2048K, 2 young (4096K), 2 survivors (4096K)
 Metaspace       used 65059K, committed 66048K, reserved 1114112K
  class space    used 8389K, committed 8832K, reserved 1048576K
}
Event: 162.532 GC heap before
{Heap before GC invocations=32 (full 0):
 garbage-first heap   total 96256K, used 83653K [0x0000000704c00000, 0x0000000800000000)
  region size 2048K, 22 young (45056K), 2 survivors (4096K)
 Metaspace       used 65093K, committed 66048K, reserved 1114112K
  class space    used 8389K, committed 8832K, reserved 1048576K
}
Event: 162.533 GC heap after
{Heap after GC invocations=33 (full 0):
 garbage-first heap   total 96256K, used 42787K [0x0000000704c00000, 0x0000000800000000)
  region size 2048K, 2 young (4096K), 2 survivors (4096K)
 Metaspace       used 65093K, committed 66048K, reserved 1114112K
  class space    used 8389K, committed 8832K, reserved 1048576K
}
Event: 172.555 GC heap before
{Heap before GC invocations=33 (full 0):
 garbage-first heap   total 96256K, used 83747K [0x0000000704c00000, 0x0000000800000000)
  region size 2048K, 22 young (45056K), 2 survivors (4096K)
 Metaspace       used 65153K, committed 66112K, reserved 1114112K
  class space    used 8389K, committed 8832K, reserved 1048576K
}
Event: 172.557 GC heap after
{Heap after GC invocations=34 (full 0):
 garbage-first heap   total 96256K, used 42534K [0x0000000704c00000, 0x0000000800000000)
  region size 2048K, 2 young (4096K), 2 survivors (4096K)
 Metaspace       used 65153K, committed 66112K, reserved 1114112K
  class space    used 8389K, committed 8832K, reserved 1048576K
}
Event: 207.694 GC heap before
{Heap before GC invocations=34 (full 0):
 garbage-first heap   total 96256K, used 83494K [0x0000000704c00000, 0x0000000800000000)
  region size 2048K, 22 young (45056K), 2 survivors (4096K)
 Metaspace       used 65193K, committed 66112K, reserved 1114112K
  class space    used 8389K, committed 8832K, reserved 1048576K
}
Event: 207.696 GC heap after
{Heap after GC invocations=35 (full 0):
 garbage-first heap   total 96256K, used 42596K [0x0000000704c00000, 0x0000000800000000)
  region size 2048K, 1 young (2048K), 1 survivors (2048K)
 Metaspace       used 65193K, committed 66112K, reserved 1114112K
  class space    used 8389K, committed 8832K, reserved 1048576K
}
Event: 1868.380 GC heap before
{Heap before GC invocations=36 (full 0):
 garbage-first heap   total 96256K, used 83556K [0x0000000704c00000, 0x0000000800000000)
  region size 2048K, 22 young (45056K), 1 survivors (2048K)
 Metaspace       used 66811K, committed 67776K, reserved 1114112K
  class space    used 8407K, committed 8832K, reserved 1048576K
}
Event: 1868.382 GC heap after
{Heap after GC invocations=37 (full 0):
 garbage-first heap   total 96256K, used 42976K [0x0000000704c00000, 0x0000000800000000)
  region size 2048K, 1 young (2048K), 1 survivors (2048K)
 Metaspace       used 66811K, committed 67776K, reserved 1114112K
  class space    used 8407K, committed 8832K, reserved 1048576K
}

