# JRE version: Java(TM) SE Runtime Environment (21.0.8+12) (build 21.0.8+12-LTS-250)
# Java VM: Java HotSpot(TM) 64-Bit Server VM (21.0.8+12-LTS-250, mixed mode, emulated-client, sharing, tiered, compressed oops, compressed class ptrs, g1 gc, windows-amd64)
GC Precious Log:
 CardTable entry size: 512
 Card Set container configuration: InlinePtr #cards 4 size 8 Array Of Cards #cards 16 size 48 Howl #buckets 8 coarsen threshold 3686 Howl Bitmap #cards 512 size 80 coarsen threshold 460 Card regions per heap region 1 cards per card region 4096
 CPUs: 12 total, 12 available
 Memory: 16072M
 Large Page Support: Disabled
 NUMA Support: Disabled
 Compressed Oops: Enabled (Zero based)
 Heap Region Size: 2M
 Heap Min Capacity: 8M
 Heap Initial Capacity: 252M
 Heap Max Capacity: 4020M
 Pre-touch: Disabled
 Parallel Workers: 10
 Concurrent Workers: 3
 Concurrent Refinement Workers: 10
 Periodic GC: Disabled
Heap:
 garbage-first heap   total 106496K, used 70225K [0x0000000704c00000, 0x0000000800000000)
  region size 2048K, 20 young (40960K), 3 survivors (6144K)
 Metaspace       used 84568K, committed 85568K, reserved 1179648K
  class space    used 11700K, committed 12160K, reserved 1048576K
GC Heap History (20 events):
Event: 1958.496 GC heap after
{Heap after GC invocations=23 (full 4):
 garbage-first heap   total 106496K, used 30277K [0x0000000704c00000, 0x0000000800000000)
  region size 2048K, 0 young (0K), 0 survivors (0K)
 Metaspace       used 82791K, committed 83968K, reserved 1179648K
  class space    used 11539K, committed 12032K, reserved 1048576K
}
Event: 1959.286 GC heap before
{Heap before GC invocations=23 (full 4):
 garbage-first heap   total 106496K, used 83525K [0x0000000704c00000, 0x0000000800000000)
  region size 2048K, 27 young (55296K), 0 survivors (0K)
 Metaspace       used 82991K, committed 84096K, reserved 1179648K
  class space    used 11559K, committed 12096K, reserved 1048576K
}
Event: 1959.288 GC heap after
{Heap after GC invocations=24 (full 4):
 garbage-first heap   total 106496K, used 35550K [0x0000000704c00000, 0x0000000800000000)
  region size 2048K, 3 young (6144K), 3 survivors (6144K)
 Metaspace       used 82991K, committed 84096K, reserved 1179648K
  class space    used 11559K, committed 12096K, reserved 1048576K
}
Event: 1960.998 GC heap before
{Heap before GC invocations=24 (full 4):
 garbage-first heap   total 106496K, used 56030K [0x0000000704c00000, 0x0000000800000000)
  region size 2048K, 14 young (28672K), 3 survivors (6144K)
 Metaspace       used 83145K, committed 84224K, reserved 1179648K
  class space    used 11568K, committed 12096K, reserved 1048576K
}
Event: 1961.038 GC heap after
{Heap after GC invocations=25 (full 5):
 garbage-first heap   total 106496K, used 30402K [0x0000000704c00000, 0x0000000800000000)
  region size 2048K, 0 young (0K), 0 survivors (0K)
 Metaspace       used 83129K, committed 84224K, reserved 1179648K
  class space    used 11566K, committed 12096K, reserved 1048576K
}
Event: 1961.376 GC heap before
{Heap before GC invocations=25 (full 5):
 garbage-first heap   total 106496K, used 83650K [0x0000000704c00000, 0x0000000800000000)
  region size 2048K, 27 young (55296K), 0 survivors (0K)
 Metaspace       used 83332K, committed 84352K, reserved 1179648K
  class space    used 11586K, committed 12096K, reserved 1048576K
}
Event: 1961.380 GC heap after
{Heap after GC invocations=26 (full 5):
 garbage-first heap   total 106496K, used 35728K [0x0000000704c00000, 0x0000000800000000)
  region size 2048K, 3 young (6144K), 3 survivors (6144K)
 Metaspace       used 83332K, committed 84352K, reserved 1179648K
  class space    used 11586K, committed 12096K, reserved 1048576K
}
Event: 2124.843 GC heap before
{Heap before GC invocations=26 (full 5):
 garbage-first heap   total 106496K, used 62352K [0x0000000704c00000, 0x0000000800000000)
  region size 2048K, 17 young (34816K), 3 survivors (6144K)
 Metaspace       used 83480K, committed 84480K, reserved 1179648K
  class space    used 11595K, committed 12096K, reserved 1048576K
}
Event: 2124.878 GC heap after
{Heap after GC invocations=27 (full 6):
 garbage-first heap   total 106496K, used 30663K [0x0000000704c00000, 0x0000000800000000)
  region size 2048K, 0 young (0K), 0 survivors (0K)
 Metaspace       used 83471K, committed 84480K, reserved 1179648K
  class space    used 11593K, committed 12096K, reserved 1048576K
}
Event: 2125.208 GC heap before
{Heap before GC invocations=27 (full 6):
 garbage-first heap   total 106496K, used 83911K [0x0000000704c00000, 0x0000000800000000)
  region size 2048K, 27 young (55296K), 0 survivors (0K)
 Metaspace       used 83684K, committed 84608K, reserved 1179648K
  class space    used 11617K, committed 12096K, reserved 1048576K
}
Event: 2125.210 GC heap after
{Heap after GC invocations=28 (full 6):
 garbage-first heap   total 106496K, used 35685K [0x0000000704c00000, 0x0000000800000000)
  region size 2048K, 3 young (6144K), 3 survivors (6144K)
 Metaspace       used 83684K, committed 84608K, reserved 1179648K
  class space    used 11617K, committed 12096K, reserved 1048576K
}
Event: 2186.900 GC heap before
{Heap before GC invocations=28 (full 6):
 garbage-first heap   total 106496K, used 72549K [0x0000000704c00000, 0x0000000800000000)
  region size 2048K, 22 young (45056K), 3 survivors (6144K)
 Metaspace       used 83872K, committed 84800K, reserved 1179648K
  class space    used 11641K, committed 12096K, reserved 1048576K
}
Event: 2186.942 GC heap after
{Heap after GC invocations=29 (full 7):
 garbage-first heap   total 106496K, used 31926K [0x0000000704c00000, 0x0000000800000000)
  region size 2048K, 0 young (0K), 0 survivors (0K)
 Metaspace       used 83859K, committed 84800K, reserved 1179648K
  class space    used 11639K, committed 12096K, reserved 1048576K
}
Event: 2187.346 GC heap before
{Heap before GC invocations=29 (full 7):
 garbage-first heap   total 106496K, used 87222K [0x0000000704c00000, 0x0000000800000000)
  region size 2048K, 28 young (57344K), 0 survivors (0K)
 Metaspace       used 84071K, committed 84992K, reserved 1179648K
  class space    used 11659K, committed 12096K, reserved 1048576K
}
Event: 2187.349 GC heap after
{Heap after GC invocations=30 (full 7):
 garbage-first heap   total 106496K, used 37036K [0x0000000704c00000, 0x0000000800000000)
  region size 2048K, 3 young (6144K), 3 survivors (6144K)
 Metaspace       used 84071K, committed 84992K, reserved 1179648K
  class space    used 11659K, committed 12096K, reserved 1048576K
}
Event: 2261.444 GC heap before
{Heap before GC invocations=30 (full 7):
 garbage-first heap   total 106496K, used 69804K [0x0000000704c00000, 0x0000000800000000)
  region size 2048K, 20 young (40960K), 3 survivors (6144K)
 Metaspace       used 84225K, committed 85184K, reserved 1179648K
  class space    used 11672K, committed 12096K, reserved 1048576K
}
Event: 2261.489 GC heap after
{Heap after GC invocations=31 (full 8):
 garbage-first heap   total 106496K, used 32301K [0x0000000704c00000, 0x0000000800000000)
  region size 2048K, 0 young (0K), 0 survivors (0K)
 Metaspace       used 84216K, committed 85184K, reserved 1179648K
  class space    used 11670K, committed 12096K, reserved 1048576K
}
Event: 2261.909 GC heap before
{Heap before GC invocations=31 (full 8):
 garbage-first heap   total 106496K, used 85549K [0x0000000704c00000, 0x0000000800000000)
  region size 2048K, 27 young (55296K), 0 survivors (0K)
 Metaspace       used 84408K, committed 85376K, reserved 1179648K
  class space    used 11689K, committed 12160K, reserved 1048576K
}
Event: 2261.912 GC heap after
{Heap after GC invocations=32 (full 8):
 garbage-first heap   total 106496K, used 37457K [0x0000000704c00000, 0x0000000800000000)
  region size 2048K, 3 young (6144K), 3 survivors (6144K)
 Metaspace       used 84408K, committed 85376K, reserved 1179648K
  class space    used 11689K, committed 12160K, reserved 1048576K
}
Event: 2293.054 GC heap before
{Heap before GC invocations=32 (full 8):
 garbage-first heap   total 106496K, used 70225K [0x0000000704c00000, 0x0000000800000000)
  region size 2048K, 20 young (40960K), 3 survivors (6144K)
 Metaspace       used 84568K, committed 85568K, reserved 1179648K
  class space    used 11700K, committed 12160K, reserved 1048576K
}

